#
# A fatal error has been detected by the Java Runtime Environment:
#
#  SIGSEGV (0xb) at pc=0x00007f819fc6096e, pid=8382, tid=0x00007f819d9fc700
#
# JRE version: OpenJDK Runtime Environment (8.0_152-b01) (build 1.8.0_152-release-915-b01)
# Java VM: OpenJDK 64-Bit Server VM (25.152-b01 mixed mode linux-amd64 compressed oops)
# Problematic frame:
# V  [libjvm.so+0x5f496e]  InstanceKlass::oop_follow_contents(ParCompactionManager*, oopDesc*)+0x2de
#
# Failed to write core dump. Core dumps have been disabled. To enable core dumping, try "ulimit -c unlimited" before starting Java again
#
# If you would like to submit a bug report, please visit:
#   http://bugreport.java.com/bugreport/crash.jsp
#

---------------  T H R E A D  ---------------

Current thread (0x00007f819801f800):  GCTaskThread [stack: 0x00007f819d8fc000,0x00007f819d9fd000] [id=8387]

siginfo: si_signo: 11 (SIGSEGV), si_code: 128 (SI_KERNEL), si_addr: 0x0000000000000000

Registers:
RAX=0x0000000000000000, RBX=0x0000000040000000, RCX=0x0000000000000000, RDX=0x0000000000000001
RSP=0x00007f819d9fbb90, RBP=0x00007f819d9fbbf0, RSI=0x00007f8186000000, RDI=0x007fffffffd00000
R8 =0x0000000040000000, R9 =0x000000000000000c, R10=0x00007f81a05413e0, R11=0x0080000000000000
R12=0x00007f8198071020, R13=0x0000000100002068, R14=0x00000000a21df0f8, R15=0x00000000a21df12c
RIP=0x00007f819fc6096e, EFLAGS=0x0000000000010206, CSGSFS=0x002b000000000033, ERR=0x0000000000000000
  TRAPNO=0x000000000000000d

Top of Stack: (sp=0x00007f819d9fbb90)
0x00007f819d9fbb90:   00000000a14c3c78 00007f8198071060
0x00007f819d9fbba0:   00000000a21df0e8 0000000100002070
0x00007f819d9fbbb0:   00007f81a05413e0 0000000000000002
0x00007f819d9fbbc0:   00000000a21df2a0 00007f81a053d470
0x00007f819d9fbbd0:   00000000a21df0e8 00007f8198071020
0x00007f819d9fbbe0:   00007f819801f800 00007f8198071020
0x00007f819d9fbbf0:   00007f819d9fbc40 00007f819fc6435c
0x00007f819d9fbc00:   00007f8198071060 0000000000000003
0x00007f819d9fbc10:   00007f8198071020 00007f81a053d470
0x00007f819d9fbc20:   00007f8198023cd0 00007f8198071020
0x00007f819d9fbc30:   00007f819801f800 00007f8198071020
0x00007f819d9fbc40:   00007f819d9fbd10 00007f819ff19ad2
0x00007f819d9fbc50:   00007f819d9fbca0 00007f81980710b0
0x00007f819d9fbc60:   00007f81980710e0 00000000a30b7420
0x00007f819d9fbc70:   00007f8198071030 00000000e0d122d0
0x00007f819d9fbc80:   00007f8198071060 0000000000000000
0x00007f819d9fbc90:   00007f81a057b4ff 00000000e826c4e0
0x00007f819d9fbca0:   00000000a21df0e8 00007f8198071020
0x00007f819d9fbcb0:   00007f819d9fbce0 00007f819ff2152b
0x00007f819d9fbcc0:   00007f819d9fbd30 00007f81a0557c38
0x00007f819d9fbcd0:   00007f81a0557c38 00007f819801f800
0x00007f819d9fbce0:   00007f819d9fbd10 00007f819d9fbd30
0x00007f819d9fbcf0:   00007f8198023cd0 00007f81a00d7b38
0x00007f819d9fbd00:   00007f819801f800 00007f8198071020
0x00007f819d9fbd10:   00007f819d9fbe00 00007f819fefe528
0x00007f819d9fbd20:   00007f819801f340 00007f819801f360
0x00007f819d9fbd30:   00007f81a04fccd0 00007f819801f800
0x00007f819d9fbd40:   00007f8198071020 00007f819fe8093d
0x00007f819d9fbd50:   00007f81a04fcd00 00007f819801f300
0x00007f819d9fbd60:   00007f819d9fbd30 0000000000000000
0x00007f819d9fbd70:   0000000000000001 00007f819801f800
0x00007f819d9fbd80:   00007f819d9fbdd0 00007f819fe813ff 

Instructions: (pc=0x00007f819fc6096e)
0x00007f819fc6094e:   00 00 00 48 89 d8 49 2b 02 48 c1 e8 03 48 d3 e8
0x00007f819fc6095e:   48 89 c7 83 e0 3f 48 c1 ef 06 48 89 c1 48 d3 e2
0x00007f819fc6096e:   48 85 14 fe 75 9c 48 89 df 4c 89 55 c0 e8 50 44
0x00007f819fc6097e:   e9 ff 4c 8b 55 c0 48 63 c8 48 89 de 48 89 ca 48 

Register to memory mapping:

RAX=0x0000000000000000 is an unknown value
RBX=0x0000000040000000 is an unknown value
RCX=0x0000000000000000 is an unknown value
RDX=0x0000000000000001 is an unknown value
RSP=0x00007f819d9fbb90 is an unknown value
RBP=0x00007f819d9fbbf0 is an unknown value
RSI=0x00007f8186000000 is pointing into the stack for thread: 0x00007f819807b800
RDI=0x007fffffffd00000 is an unknown value
R8 =0x0000000040000000 is an unknown value
R9 =0x000000000000000c is an unknown value
R10=0x00007f81a05413e0: <offset 0xed53e0> in /usr/local/android-studio/jre/jre/lib/amd64/server/libjvm.so at 0x00007f819f66c000
R11=0x0080000000000000 is an unknown value
R12=0x00007f8198071020 is an unknown value
R13=0x0000000100002068 is pointing into metadata
R14=0x00000000a21df0f8 is pointing into object: 0x00000000a21df0e8
java.lang.Class 
 - klass: 'java/lang/Class'
R15=0x00000000a21df12c is pointing into object: 0x00000000a21df0e8
java.lang.Class 
 - klass: 'java/lang/Class'


Stack: [0x00007f819d8fc000,0x00007f819d9fd000],  sp=0x00007f819d9fbb90,  free space=1022k
Native frames: (J=compiled Java code, j=interpreted, Vv=VM code, C=native code)
V  [libjvm.so+0x5f496e]  InstanceKlass::oop_follow_contents(ParCompactionManager*, oopDesc*)+0x2de
V  [libjvm.so+0x5f835c]  InstanceMirrorKlass::oop_follow_contents(ParCompactionManager*, oopDesc*)+0x1c
V  [libjvm.so+0x8adad2]  ParCompactionManager::follow_marking_stacks()+0x402
V  [libjvm.so+0x892528]  MarkFromRootsTask::do_it(GCTaskManager*, unsigned int)+0x168
V  [libjvm.so+0x584112]  GCTaskThread::run()+0x162
V  [libjvm.so+0x84e792]  java_start(Thread*)+0xf2


---------------  P R O C E S S  ---------------

Java Threads: ( => current thread )
  0x00007f8144e60800 JavaThread "Memory manager" [_thread_blocked, id=8413, stack(0x00007f814a1c7000,0x00007f814a2c8000)]
  0x00007f8144294000 JavaThread "build operations Thread 2" [_thread_blocked, id=8412, stack(0x00007f814ae8d000,0x00007f814af8e000)]
  0x00007f8144293000 JavaThread "build operations" [_thread_blocked, id=8411, stack(0x00007f814af8e000,0x00007f814b08f000)]
  0x00007f814478a000 JavaThread "Cache worker for Artifact transforms cache (/home/goodhope/.gradle/caches/transforms-1)" [_thread_blocked, id=8410, stack(0x00007f814b8ff000,0x00007f814ba00000)]
  0x00007f8144315000 JavaThread "Cache worker for file hash cache (/home/goodhope/AndroidStudioProjects/ResidingTab/.gradle/4.1/fileHashes)" [_thread_blocked, id=8409, stack(0x00007f815c0f4000,0x00007f815c1f5000)]
  0x00007f81441ff800 JavaThread "File lock request listener" [_thread_in_native, id=8408, stack(0x00007f815c3f5000,0x00007f815c4f6000)]
  0x00007f81441f6000 JavaThread "Cache worker for file hash cache (/home/goodhope/.gradle/caches/4.1/fileHashes)" [_thread_blocked, id=8407, stack(0x00007f815c4f6000,0x00007f815c5f7000)]
  0x00007f8144049000 JavaThread "Stdin handler" [_thread_blocked, id=8406, stack(0x00007f815c7f7000,0x00007f815c8f8000)]
  0x00007f8144040800 JavaThread "Asynchronous log dispatcher for DefaultDaemonConnection: socket connection from /127.0.0.1:40583 to /127.0.0.1:53318" [_thread_blocked, id=8405, stack(0x00007f815c8f8000,0x00007f815c9f9000)]
  0x00007f8150008000 JavaThread "Daemon worker" [_thread_blocked, id=8402, stack(0x00007f815c9f9000,0x00007f815cafa000)]
  0x00007f8150006800 JavaThread "Cancel handler" [_thread_blocked, id=8401, stack(0x00007f815cafa000,0x00007f815cbfb000)]
  0x00007f8150001800 JavaThread "Handler for socket connection from /127.0.0.1:40583 to /127.0.0.1:53318" [_thread_in_native, id=8400, stack(0x00007f815cbfb000,0x00007f815ccfc000)]
  0x00007f815401c800 JavaThread "Daemon" [_thread_blocked, id=8399, stack(0x00007f815ccfc000,0x00007f815cdfd000)]
  0x00007f8198c4a000 JavaThread "Daemon periodic checks" [_thread_blocked, id=8398, stack(0x00007f815cdfd000,0x00007f815cefe000)]
  0x00007f8198c33800 JavaThread "Incoming local TCP Connector on port 40583" [_thread_in_native, id=8397, stack(0x00007f815cefe000,0x00007f815cfff000)]
  0x00007f81980b9800 JavaThread "Service Thread" daemon [_thread_blocked, id=8395, stack(0x00007f8185722000,0x00007f8185823000)]
  0x00007f81980b7000 JavaThread "C1 CompilerThread1" daemon [_thread_blocked, id=8394, stack(0x00007f8185823000,0x00007f8185924000)]
  0x00007f81980b4000 JavaThread "C2 CompilerThread0" daemon [_thread_blocked, id=8393, stack(0x00007f8185924000,0x00007f8185a25000)]
  0x00007f81980b2800 JavaThread "Signal Dispatcher" daemon [_thread_blocked, id=8392, stack(0x00007f8185a25000,0x00007f8185b26000)]
  0x00007f8198080000 JavaThread "Finalizer" daemon [_thread_blocked, id=8391, stack(0x00007f8185dfe000,0x00007f8185eff000)]
  0x00007f819807b800 JavaThread "Reference Handler" daemon [_thread_blocked, id=8390, stack(0x00007f8185eff000,0x00007f8186000000)]
  0x00007f819800a800 JavaThread "main" [_thread_blocked, id=8386, stack(0x00007f81a1070000,0x00007f81a1171000)]

Other Threads:
  0x00007f8198074000 VMThread [stack: 0x00007f819c01b000,0x00007f819c11c000] [id=8389]
  0x00007f81980bc000 WatcherThread [stack: 0x00007f8185621000,0x00007f8185722000] [id=8396]

=>0x00007f819801f800 (exited) GCTaskThread [stack: 0x00007f819d8fc000,0x00007f819d9fd000] [id=8387]

VM state:at safepoint (normal execution)

VM Mutex/Monitor currently owned by a thread:  ([mutex/lock_event])
[0x00007f8198006eb0] Threads_lock - owner thread: 0x00007f8198074000
[0x00007f81980073b0] Heap_lock - owner thread: 0x00007f8150008000

Heap:
 PSYoungGen      total 148480K, used 3358K [0x00000000e0000000, 0x00000000ec100000, 0x0000000100000000)
  eden space 131584K, 0% used [0x00000000e0000000,0x00000000e0000000,0x00000000e8080000)
  from space 16896K, 19% used [0x00000000e8080000,0x00000000e83c7af0,0x00000000e9100000)
  to   space 16384K, 0% used [0x00000000eb100000,0x00000000eb100000,0x00000000ec100000)
 ParOldGen       total 50176K, used 49890K [0x00000000a0000000, 0x00000000a3100000, 0x00000000e0000000)
  object space 50176K, 99% used [0x00000000a0000000,0x00000000a30b89c0,0x00000000a3100000)
 Metaspace       used 56956K, capacity 58984K, committed 59028K, reserved 1099776K
  class space    used 7792K, capacity 8366K, committed 8380K, reserved 1048576K

Card table byte_map: [0x00007f819dbfd000,0x00007f819defe000] byte_map_base: 0x00007f819d6fd000

Marking Bits: (ParMarkBitMap*) 0x00007f81a05413e0
 Begin Bits: [0x00007f8186000000, 0x00007f8187800000)
 End Bits:   [0x00007f8187800000, 0x00007f8189000000)

Polling page: 0x00007f81a1195000

CodeCache: size=245760Kb used=20470Kb max_used=21522Kb free=225289Kb
 bounds [0x00007f8189000000, 0x00007f818a520000, 0x00007f8198000000]
 total_blobs=7197 nmethods=6445 adapters=666
 compilation: enabled

Compilation events (10 events):
Event: 33.202 Thread 0x00007f81980b7000 7249       1       kotlin.reflect.jvm.internal.impl.name.Name::asString (5 bytes)
Event: 33.202 Thread 0x00007f81980b7000 nmethod 7249 0x00007f8189b43e10 code [0x00007f8189b43f60, 0x00007f8189b44070]
Event: 33.202 Thread 0x00007f81980b7000 7250       2       java.lang.Class::getCanonicalName (102 bytes)
Event: 33.203 Thread 0x00007f81980b7000 nmethod 7250 0x00007f8189acbad0 code [0x00007f8189acbd20, 0x00007f8189acc4b8]
Event: 33.206 Thread 0x00007f81980b7000 7253       2       kotlin.reflect.jvm.internal.impl.name.FqNameUnsafe::isRoot (8 bytes)
Event: 33.206 Thread 0x00007f81980b7000 nmethod 7253 0x00007f818912bf50 code [0x00007f818912c0c0, 0x00007f818912c230]
Event: 33.212 Thread 0x00007f81980b7000 7254       2       kotlin.reflect.jvm.internal.impl.name.FqName::asString (8 bytes)
Event: 33.212 Thread 0x00007f81980b7000 nmethod 7254 0x00007f81896a6410 code [0x00007f81896a6560, 0x00007f81896a66b0]
Event: 33.212 Thread 0x00007f81980b7000 7255       2       kotlin.reflect.jvm.internal.impl.name.FqName::<init> (18 bytes)
Event: 33.213 Thread 0x00007f81980b7000 nmethod 7255 0x00007f8189c69310 code [0x00007f8189c69480, 0x00007f8189c69670]

GC Heap History (10 events):
Event: 21.960 GC heap after
Heap after GC invocations=17 (full 2):
 PSYoungGen      total 91648K, used 6639K [0x00000000e0000000, 0x00000000e7d00000, 0x0000000100000000)
  eden space 84992K, 0% used [0x00000000e0000000,0x00000000e0000000,0x00000000e5300000)
  from space 6656K, 99% used [0x00000000e5300000,0x00000000e597bdf8,0x00000000e5980000)
  to   space 8192K, 0% used [0x00000000e7500000,0x00000000e7500000,0x00000000e7d00000)
 ParOldGen       total 46592K, used 18103K [0x00000000a0000000, 0x00000000a2d80000, 0x00000000e0000000)
  object space 46592K, 38% used [0x00000000a0000000,0x00000000a11add80,0x00000000a2d80000)
 Metaspace       used 41193K, capacity 42022K, committed 42456K, reserved 1085440K
  class space    used 5492K, capacity 5832K, committed 5888K, reserved 1048576K
}
Event: 24.361 GC heap before
{Heap before GC invocations=18 (full 2):
 PSYoungGen      total 91648K, used 91631K [0x00000000e0000000, 0x00000000e7d00000, 0x0000000100000000)
  eden space 84992K, 100% used [0x00000000e0000000,0x00000000e5300000,0x00000000e5300000)
  from space 6656K, 99% used [0x00000000e5300000,0x00000000e597bdf8,0x00000000e5980000)
  to   space 8192K, 0% used [0x00000000e7500000,0x00000000e7500000,0x00000000e7d00000)
 ParOldGen       total 46592K, used 18103K [0x00000000a0000000, 0x00000000a2d80000, 0x00000000e0000000)
  object space 46592K, 38% used [0x00000000a0000000,0x00000000a11add80,0x00000000a2d80000)
 Metaspace       used 47400K, capacity 48522K, committed 48728K, reserved 1091584K
  class space    used 6323K, capacity 6701K, committed 6784K, reserved 1048576K
Event: 24.403 GC heap after
Heap after GC invocations=18 (full 2):
 PSYoungGen      total 116736K, used 8182K [0x00000000e0000000, 0x00000000e8380000, 0x0000000100000000)
  eden space 108544K, 0% used [0x00000000e0000000,0x00000000e0000000,0x00000000e6a00000)
  from space 8192K, 99% used [0x00000000e7500000,0x00000000e7cfd888,0x00000000e7d00000)
  to   space 11264K, 0% used [0x00000000e6a00000,0x00000000e6a00000,0x00000000e7500000)
 ParOldGen       total 46592K, used 22958K [0x00000000a0000000, 0x00000000a2d80000, 0x00000000e0000000)
  object space 46592K, 49% used [0x00000000a0000000,0x00000000a166b878,0x00000000a2d80000)
 Metaspace       used 47400K, capacity 48522K, committed 48728K, reserved 1091584K
  class space    used 6323K, capacity 6701K, committed 6784K, reserved 1048576K
}
Event: 27.089 GC heap before
{Heap before GC invocations=19 (full 2):
 PSYoungGen      total 116736K, used 116726K [0x00000000e0000000, 0x00000000e8380000, 0x0000000100000000)
  eden space 108544K, 100% used [0x00000000e0000000,0x00000000e6a00000,0x00000000e6a00000)
  from space 8192K, 99% used [0x00000000e7500000,0x00000000e7cfd888,0x00000000e7d00000)
  to   space 11264K, 0% used [0x00000000e6a00000,0x00000000e6a00000,0x00000000e7500000)
 ParOldGen       total 46592K, used 22958K [0x00000000a0000000, 0x00000000a2d80000, 0x00000000e0000000)
  object space 46592K, 49% used [0x00000000a0000000,0x00000000a166b878,0x00000000a2d80000)
 Metaspace       used 54207K, capacity 55932K, committed 56280K, reserved 1097728K
  class space    used 7365K, capacity 7820K, committed 7936K, reserved 1048576K
Event: 27.158 GC heap after
Heap after GC invocations=19 (full 2):
 PSYoungGen      total 119808K, used 11241K [0x00000000e0000000, 0x00000000e9f80000, 0x0000000100000000)
  eden space 108544K, 0% used [0x00000000e0000000,0x00000000e0000000,0x00000000e6a00000)
  from space 11264K, 99% used [0x00000000e6a00000,0x00000000e74fa540,0x00000000e7500000)
  to   space 14848K, 0% used [0x00000000e9100000,0x00000000e9100000,0x00000000e9f80000)
 ParOldGen       total 46592K, used 28691K [0x00000000a0000000, 0x00000000a2d80000, 0x00000000e0000000)
  object space 46592K, 61% used [0x00000000a0000000,0x00000000a1c04ca0,0x00000000a2d80000)
 Metaspace       used 54207K, capacity 55932K, committed 56280K, reserved 1097728K
  class space    used 7365K, capacity 7820K, committed 7936K, reserved 1048576K
}
Event: 28.147 GC heap before
{Heap before GC invocations=20 (full 2):
 PSYoungGen      total 119808K, used 119785K [0x00000000e0000000, 0x00000000e9f80000, 0x0000000100000000)
  eden space 108544K, 100% used [0x00000000e0000000,0x00000000e6a00000,0x00000000e6a00000)
  from space 11264K, 99% used [0x00000000e6a00000,0x00000000e74fa540,0x00000000e7500000)
  to   space 14848K, 0% used [0x00000000e9100000,0x00000000e9100000,0x00000000e9f80000)
 ParOldGen       total 46592K, used 28691K [0x00000000a0000000, 0x00000000a2d80000, 0x00000000e0000000)
  object space 46592K, 61% used [0x00000000a0000000,0x00000000a1c04ca0,0x00000000a2d80000)
 Metaspace       used 55470K, capacity 57564K, committed 57816K, reserved 1099776K
  class space    used 7603K, capacity 8107K, committed 8192K, reserved 1048576K
Event: 28.200 GC heap after
Heap after GC invocations=20 (full 2):
 PSYoungGen      total 146432K, used 13632K [0x00000000e0000000, 0x00000000ea800000, 0x0000000100000000)
  eden space 131584K, 0% used [0x00000000e0000000,0x00000000e0000000,0x00000000e8080000)
  from space 14848K, 91% used [0x00000000e9100000,0x00000000e9e50000,0x00000000e9f80000)
  to   space 16896K, 0% used [0x00000000e8080000,0x00000000e8080000,0x00000000e9100000)
 ParOldGen       total 46592K, used 36535K [0x00000000a0000000, 0x00000000a2d80000, 0x00000000e0000000)
  object space 46592K, 78% used [0x00000000a0000000,0x00000000a23adfa8,0x00000000a2d80000)
 Metaspace       used 55470K, capacity 57564K, committed 57816K, reserved 1099776K
  class space    used 7603K, capacity 8107K, committed 8192K, reserved 1048576K
}
Event: 33.289 GC heap before
{Heap before GC invocations=21 (full 2):
 PSYoungGen      total 146432K, used 51440K [0x00000000e0000000, 0x00000000ea800000, 0x0000000100000000)
  eden space 131584K, 28% used [0x00000000e0000000,0x00000000e24ec3d8,0x00000000e8080000)
  from space 14848K, 91% used [0x00000000e9100000,0x00000000e9e50000,0x00000000e9f80000)
  to   space 16896K, 0% used [0x00000000e8080000,0x00000000e8080000,0x00000000e9100000)
 ParOldGen       total 46592K, used 36535K [0x00000000a0000000, 0x00000000a2d80000, 0x00000000e0000000)
  object space 46592K, 78% used [0x00000000a0000000,0x00000000a23adfa8,0x00000000a2d80000)
 Metaspace       used 56956K, capacity 58984K, committed 59028K, reserved 1099776K
  class space    used 7792K, capacity 8366K, committed 8380K, reserved 1048576K
Event: 33.327 GC heap after
Heap after GC invocations=21 (full 2):
 PSYoungGen      total 148480K, used 3358K [0x00000000e0000000, 0x00000000ec100000, 0x0000000100000000)
  eden space 131584K, 0% used [0x00000000e0000000,0x00000000e0000000,0x00000000e8080000)
  from space 16896K, 19% used [0x00000000e8080000,0x00000000e83c7af0,0x00000000e9100000)
  to   space 16384K, 0% used [0x00000000eb100000,0x00000000eb100000,0x00000000ec100000)
 ParOldGen       total 50176K, used 49890K [0x00000000a0000000, 0x00000000a3100000, 0x00000000e0000000)
  object space 50176K, 99% used [0x00000000a0000000,0x00000000a30b89c0,0x00000000a3100000)
 Metaspace       used 56956K, capacity 58984K, committed 59028K, reserved 1099776K
  class space    used 7792K, capacity 8366K, committed 8380K, reserved 1048576K
}
Event: 33.327 GC heap before
{Heap before GC invocations=22 (full 3):
 PSYoungGen      total 148480K, used 3358K [0x00000000e0000000, 0x00000000ec100000, 0x0000000100000000)
  eden space 131584K, 0% used [0x00000000e0000000,0x00000000e0000000,0x00000000e8080000)
  from space 16896K, 19% used [0x00000000e8080000,0x00000000e83c7af0,0x00000000e9100000)
  to   space 16384K, 0% used [0x00000000eb100000,0x00000000eb100000,0x00000000ec100000)
 ParOldGen       total 50176K, used 49890K [0x00000000a0000000, 0x00000000a3100000, 0x00000000e0000000)
  object space 50176K, 99% used [0x00000000a0000000,0x00000000a30b89c0,0x00000000a3100000)
 Metaspace       used 56956K, capacity 58984K, committed 59028K, reserved 1099776K
  class space    used 7792K, capacity 8366K, committed 8380K, reserved 1048576K

Deoptimization events (10 events):
Event: 27.713 Thread 0x00007f8150008000 Uncommon trap: reason=bimorphic action=maybe_recompile pc=0x00007f8189dd7e8c method=java.util.Arrays.binarySearch0([Ljava/lang/Object;IILjava/lang/Object;Ljava/util/Comparator;)I @ 48
Event: 27.713 Thread 0x00007f8150008000 Uncommon trap: reason=bimorphic action=maybe_recompile pc=0x00007f8189dd7e8c method=java.util.Arrays.binarySearch0([Ljava/lang/Object;IILjava/lang/Object;Ljava/util/Comparator;)I @ 48
Event: 27.713 Thread 0x00007f8150008000 Uncommon trap: reason=bimorphic action=maybe_recompile pc=0x00007f8189dd7e8c method=java.util.Arrays.binarySearch0([Ljava/lang/Object;IILjava/lang/Object;Ljava/util/Comparator;)I @ 48
Event: 29.943 Thread 0x00007f8150008000 Uncommon trap: reason=class_check action=maybe_recompile pc=0x00007f8189d21a34 method=com.google.common.collect.AbstractMapBasedMultimap$WrappedCollection.refreshIfEmpty()V @ 59
Event: 29.943 Thread 0x00007f8150008000 Uncommon trap: reason=class_check action=maybe_recompile pc=0x00007f8189d21a34 method=com.google.common.collect.AbstractMapBasedMultimap$WrappedCollection.refreshIfEmpty()V @ 59
Event: 29.943 Thread 0x00007f8150008000 Uncommon trap: reason=class_check action=maybe_recompile pc=0x00007f8189d21a34 method=com.google.common.collect.AbstractMapBasedMultimap$WrappedCollection.refreshIfEmpty()V @ 59
Event: 29.943 Thread 0x00007f8150008000 Uncommon trap: reason=class_check action=maybe_recompile pc=0x00007f8189d21a34 method=com.google.common.collect.AbstractMapBasedMultimap$WrappedCollection.refreshIfEmpty()V @ 59
Event: 30.679 Thread 0x00007f8144294000 Uncommon trap: reason=unstable_if action=reinterpret pc=0x00007f818943feac method=com.esotericsoftware.kryo.io.Output.writeString(Ljava/lang/CharSequence;)V @ 1
Event: 31.887 Thread 0x00007f8144315000 Uncommon trap: reason=unstable_if action=reinterpret pc=0x00007f818a45b240 method=java.io.BufferedOutputStream.write([BII)V @ 35
Event: 31.888 Thread 0x00007f8144315000 Uncommon trap: reason=unstable_if action=reinterpret pc=0x00007f818a457274 method=java.io.BufferedOutputStream.write([BII)V @ 35

Classes redefined (0 events):
No events

Internal exceptions (10 events):
Event: 33.105 Thread 0x00007f8150008000 Exception <a 'java/lang/ClassNotFoundException': org/codehaus/groovy/runtime/HandleMetaClassBeanInfo> (0x00000000e0c9bc50) thrown at [/ssd/Android/AOSP-openjdk-git/jdk8u/hotspot/src/share/vm/classfile/systemDictionary.cpp, line 210]
Event: 33.105 Thread 0x00007f8150008000 Exception <a 'java/lang/ClassNotFoundException': groovy/lang/DelegatingMetaClassBeanInfo> (0x00000000e0caac28) thrown at [/ssd/Android/AOSP-openjdk-git/jdk8u/hotspot/src/share/vm/classfile/systemDictionary.cpp, line 210]
Event: 33.105 Thread 0x00007f8150008000 Exception <a 'java/lang/ClassNotFoundException': groovy/lang/DelegatingMetaClassCustomizer> (0x00000000e0cba038) thrown at [/ssd/Android/AOSP-openjdk-git/jdk8u/hotspot/src/share/vm/classfile/systemDictionary.cpp, line 210]
Event: 33.107 Thread 0x00007f8150008000 Exception <a 'java/lang/ClassNotFoundException': org/codehaus/groovy/runtime/HandleMetaClassCustomizer> (0x00000000e0cf0f18) thrown at [/ssd/Android/AOSP-openjdk-git/jdk8u/hotspot/src/share/vm/classfile/systemDictionary.cpp, line 210]
Event: 33.110 Thread 0x00007f8150008000 Exception <a 'java/lang/ClassNotFoundException': org/codehaus/groovy/reflection/CachedMethodBeanInfo> (0x00000000e0d37530) thrown at [/ssd/Android/AOSP-openjdk-git/jdk8u/hotspot/src/share/vm/classfile/systemDictionary.cpp, line 210]
Event: 33.110 Thread 0x00007f8150008000 Exception <a 'java/lang/ClassNotFoundException': groovy/lang/MetaMethodBeanInfo> (0x00000000e0d44800) thrown at [/ssd/Android/AOSP-openjdk-git/jdk8u/hotspot/src/share/vm/classfile/systemDictionary.cpp, line 210]
Event: 33.111 Thread 0x00007f8150008000 Exception <a 'java/lang/ClassNotFoundException': org/codehaus/groovy/reflection/ParameterTypesBeanInfo> (0x00000000e0d56548) thrown at [/ssd/Android/AOSP-openjdk-git/jdk8u/hotspot/src/share/vm/classfile/systemDictionary.cpp, line 210]
Event: 33.111 Thread 0x00007f8150008000 Exception <a 'java/lang/ClassNotFoundException': org/codehaus/groovy/reflection/ParameterTypesCustomizer> (0x00000000e0d68640) thrown at [/ssd/Android/AOSP-openjdk-git/jdk8u/hotspot/src/share/vm/classfile/systemDictionary.cpp, line 210]
Event: 33.112 Thread 0x00007f8150008000 Exception <a 'java/lang/ClassNotFoundException': groovy/lang/MetaMethodCustomizer> (0x00000000e0d7e630) thrown at [/ssd/Android/AOSP-openjdk-git/jdk8u/hotspot/src/share/vm/classfile/systemDictionary.cpp, line 210]
Event: 33.112 Thread 0x00007f8150008000 Exception <a 'java/lang/ClassNotFoundException': org/codehaus/groovy/reflection/CachedMethodCustomizer> (0x00000000e0d9f700) thrown at [/ssd/Android/AOSP-openjdk-git/jdk8u/hotspot/src/share/vm/classfile/systemDictionary.cpp, line 210]

Events (10 events):
Event: 33.285 loading class kotlin/reflect/jvm/internal/impl/descriptors/ClassConstructorDescriptor done
Event: 33.285 loading class kotlin/reflect/jvm/internal/impl/descriptors/ConstructorDescriptor
Event: 33.285 loading class kotlin/reflect/jvm/internal/impl/descriptors/ConstructorDescriptor done
Event: 33.286 loading class kotlin/reflect/jvm/internal/impl/descriptors/impl/ClassConstructorDescriptorImpl
Event: 33.286 loading class kotlin/reflect/jvm/internal/impl/descriptors/impl/ClassConstructorDescriptorImpl done
Event: 33.286 loading class kotlin/reflect/jvm/internal/impl/descriptors/impl/FunctionDescriptorImpl
Event: 33.286 loading class kotlin/reflect/jvm/internal/impl/descriptors/impl/FunctionDescriptorImpl done
Event: 33.288 loading class kotlin/reflect/jvm/internal/impl/descriptors/FunctionDescriptor$CopyBuilder
Event: 33.288 loading class kotlin/reflect/jvm/internal/impl/descriptors/FunctionDescriptor$CopyBuilder done
Event: 33.289 Executing VM operation: CollectForMetadataAllocation


Dynamic libraries:
00400000-00401000 r-xp 00000000 fd:00 7999527                            /usr/local/android-studio/jre/bin/java
00600000-00601000 r--p 00000000 fd:00 7999527                            /usr/local/android-studio/jre/bin/java
00601000-00602000 rw-p 00001000 fd:00 7999527                            /usr/local/android-studio/jre/bin/java
023bd000-023de000 rw-p 00000000 00:00 0                                  [heap]
a0000000-a3100000 rw-p 00000000 00:00 0 
a3100000-e0000000 ---p 00000000 00:00 0 
e0000000-ec100000 rw-p 00000000 00:00 0 
ec100000-100000000 ---p 00000000 00:00 0 
100000000-10082f000 rw-p 00000000 00:00 0 
10082f000-140000000 ---p 00000000 00:00 0 
7f8144000000-7f81457b0000 rw-p 00000000 00:00 0 
7f81457b0000-7f8148000000 ---p 00000000 00:00 0 
7f81491b2000-7f8149332000 rw-p 00000000 00:00 0 
7f8149332000-7f81493b2000 ---p 00000000 00:00 0 
7f81493b2000-7f81495b2000 rw-p 00000000 00:00 0 
7f81495b2000-7f81497b2000 rw-p 00000000 00:00 0 
7f81497b2000-7f81499b2000 rw-p 00000000 00:00 0 
7f81499b2000-7f8149bb2000 rw-p 00000000 00:00 0 
7f8149bb2000-7f8149bc4000 r--s 00345000 fd:00 7999609                    /usr/local/android-studio/jre/jre/lib/resources.jar
7f8149bc4000-7f8149dc4000 rw-p 00000000 00:00 0 
7f8149dc4000-7f8149fc4000 rw-p 00000000 00:00 0 
7f8149fc4000-7f814a1c4000 rw-p 00000000 00:00 0 
7f814a1c4000-7f814a1c7000 r--s 00015000 fd:00 7999608                    /usr/local/android-studio/jre/jre/lib/jce.jar
7f814a1c7000-7f814a1ca000 ---p 00000000 00:00 0 
7f814a1ca000-7f814a4c8000 rw-p 00000000 00:00 0 
7f814a4c8000-7f814a6c8000 rw-p 00000000 00:00 0 
7f814a6c8000-7f814a8be000 rw-p 00000000 00:00 0 
7f814a8be000-7f814a8c8000 ---p 00000000 00:00 0 
7f814a8c8000-7f814a8ca000 r--s 00003000 fd:00 7493341                    /home/goodhope/.gradle/caches/jars-3/01ab8600ebbfdcaf9b89b45c2b992e82/annotations-13.0.jar
7f814a8ca000-7f814a8d5000 r--s 00081000 fd:00 7493340                    /home/goodhope/.gradle/caches/jars-3/fc6e889a0f45cc9752787eb60f920103/trove4j-20160824.jar
7f814a8d5000-7f814a958000 r--s 00758000 fd:00 7493339                    /home/goodhope/.gradle/caches/jars-3/b46ab84062ddfd52701cfe0a9718e764/intellij-core-26.0.1.jar
7f814a958000-7f814a95e000 r--s 00033000 fd:00 7493338                    /home/goodhope/.gradle/caches/jars-3/f96c897d327ea500d64fe3af2833bd50/commons-codec-1.6.jar
7f814a95e000-7f814a960000 r--s 0000d000 fd:00 7493337                    /home/goodhope/.gradle/caches/jars-3/ccc849edcf9fccd61ed937bf93ffe896/commons-logging-1.1.1.jar
7f814a960000-7f814a966000 r--s 00032000 fd:00 7493336                    /home/goodhope/.gradle/caches/jars-3/72e344059d1923829968d0d38b0c3c72/httpcore-4.2.5.jar
7f814a966000-7f814a967000 r--s 00004000 fd:00 7493335                    /home/goodhope/.gradle/caches/jars-3/3a4299d1ce3e273e7c03a9ccf5a1e333/annotations-12.0.jar
7f814a967000-7f814a968000 r--s 00000000 fd:00 7493334                    /home/goodhope/.gradle/caches/jars-3/0e2fbc3b8c56d2975eca90c524790c13/animal-sniffer-annotations-1.14.jar
7f814a968000-7f814a96a000 r--s 00001000 fd:00 7093313                    /home/goodhope/.gradle/caches/jars-3/ad41f8f3ac67c0323ce9eb1c20c8dc3f/j2objc-annotations-1.1.jar
7f814a96a000-7f814a96b000 r--s 00002000 fd:00 6956268                    /home/goodhope/.gradle/caches/jars-3/9edb0f46b907c34c4718edabde6c791c/error_prone_annotations-2.0.18.jar
7f814a96b000-7f814a96e000 r--s 00006000 fd:00 6705331                    /home/goodhope/.gradle/caches/jars-3/b58a9bc3bbba42132e4abc0bacae8da1/jsr305-1.3.9.jar
7f814a96e000-7f814a96f000 r--s 0000a000 fd:00 6306321                    /home/goodhope/.gradle/caches/jars-3/5b8b36ed61fe92731031cca3c9b3a0b3/kxml2-2.3.0.jar
7f814a96f000-7f814a971000 r--s 00005000 fd:00 6170057                    /home/goodhope/.gradle/caches/jars-3/f10e1e1978816198f2eb1189c974b440/httpmime-4.1.jar
7f814a971000-7f814a97b000 r--s 00061000 fd:00 6040490                    /home/goodhope/.gradle/caches/jars-3/bc4b2527f35dc983f759e8f85f3f8d52/httpclient-4.2.6.jar
7f814a97b000-7f814a984000 r--s 00064000 fd:00 5523131                    /home/goodhope/.gradle/caches/jars-3/fc37c717528c2a0d27f3e3621835f781/commons-compress-1.12.jar
7f814a984000-7f814a989000 r--s 0002e000 fd:00 5392337                    /home/goodhope/.gradle/caches/jars-3/c5bcda7f6f4809e9c92270f99e51f154/gson-2.3.jar
7f814a989000-7f814a999000 r--s 000d6000 fd:00 5260649                    /home/goodhope/.gradle/caches/jars-3/dbdb8caed2514263a34702cc763c6785/proguard-base-5.3.3.jar
7f814a999000-7f814a99a000 r--s 00001000 fd:00 5125566                    /home/goodhope/.gradle/caches/jars-3/dccac9b7f67766e57200b1770178f61c/annotations-26.0.1.jar
7f814a99a000-7f814a99d000 r--s 00033000 fd:00 4858363                    /home/goodhope/.gradle/caches/jars-3/0ce03714647bf7bd3c78634c20ddbf38/juniversalchardet-1.0.3.jar
7f814a99d000-7f814a9a1000 r--s 0002a000 fd:00 4732919                    /home/goodhope/.gradle/caches/jars-3/9849af6d4b0409ba64061601342f385d/commons-io-2.4.jar
7f814a9a1000-7f814a9b8000 r--s 00154000 fd:00 4335636                    /home/goodhope/.gradle/caches/jars-3/57adf9abd30c921d4ea1dfdcfe7b9efd/antlr4-4.5.3.jar
7f814a9b8000-7f814a9b9000 r--s 00003000 fd:00 4201853                    /home/goodhope/.gradle/caches/jars-3/54a15dd332fd4c2e246ad396835dc0d2/baseLibrary-3.0.1.jar
7f814a9b9000-7f814a9e9000 r--s 00245000 fd:00 4068983                    /home/goodhope/.gradle/caches/jars-3/8e27cdebb49ba2f804f9403d90aaaac5/guava-22.0.jar
7f814a9e9000-7f814a9f1000 r--s 000a8000 fd:00 3680585                    /home/goodhope/.gradle/caches/jars-3/6cc57ce9ec0d90186f781694264d61bc/lombok-ast-0.2.3.jar
7f814a9f1000-7f814a9f5000 r--s 0002f000 fd:00 3167771                    /home/goodhope/.gradle/caches/jars-3/505fcc8c47da308b2f1262f0ff3c65f1/jimfs-1.1.jar
7f814a9f5000-7f814aa08000 r--s 00241000 fd:00 8526285                    /home/goodhope/.gradle/caches/jars-3/d8dc71eb6d91c966c45f7b594129e14a/ecj-4.6.1.jar
7f814aa08000-7f814aa09000 r--s 00003000 fd:00 8398426                    /home/goodhope/.gradle/caches/jars-3/fdb8f5ebd6a086c4818336712b830716/json-simple-1.1.jar
7f814aa09000-7f814ab2e000 r--s 00f5d000 fd:00 8004539                    /home/goodhope/.gradle/caches/jars-3/dfd566a90e18a0aa75879c33e0731ab8/fastutil-7.2.0.jar
7f814ab2e000-7f814ab79000 r--s 002ff000 fd:00 7493333                    /home/goodhope/.gradle/caches/jars-3/d3d44e9a7fcb4a86fb40775c385dd3d0/bcprov-jdk15on-1.56.jar
7f814ab79000-7f814ab8a000 r--s 00097000 fd:00 7493332                    /home/goodhope/.gradle/caches/jars-3/59ebb77d99c5ca0e24bb23272e0329dd/bcpkix-jdk15on-1.56.jar
7f814ab8a000-7f814ab8c000 r--s 00002000 fd:00 7493331                    /home/goodhope/.gradle/caches/jars-3/f268e5e8fc83bb846ac355d6a16b1f30/javawriter-2.5.0.jar
7f814ab8c000-7f814ab91000 r--s 0003b000 fd:00 7493330                    /home/goodhope/.gradle/caches/jars-3/91bf67441f6ac57ccbb374f99f9ed0fc/apksig-3.0.1.jar
7f814ab91000-7f814ab94000 r--s 00024000 fd:00 7493329                    /home/goodhope/.gradle/caches/jars-3/04183dcd1bde85515b23d1bbd46ea9bc/common-26.0.1.jar
7f814ab94000-7f814ab96000 r--s 00006000 fd:00 7493328                    /home/goodhope/.gradle/caches/jars-3/a0ea702af2bdb16dfa1a50969b155dea/dvlib-26.0.1.jar
7f814ab96000-7f814ab99000 r--s 00014000 fd:00 7493327                    /home/goodhope/.gradle/caches/jars-3/6abb718b4b844aa0386163f0c2f6eb72/layoutlib-api-26.0.1.jar
7f814ab99000-7f814ab9e000 r--s 0004d000 fd:00 7493326                    /home/goodhope/.gradle/caches/jars-3/65a80584522712b8832b7c1c03186c4b/ddmlib-26.0.1.jar
7f814ab9e000-7f814ab9f000 r--s 00003000 fd:00 7493325                    /home/goodhope/.gradle/caches/jars-3/af01854c900e4906a368ef59064a245d/builder-test-api-3.0.1.jar
7f814ab9f000-7f814aba2000 r--s 00007000 fd:00 7493324                    /home/goodhope/.gradle/caches/jars-3/124ec36ab4edce0919b54d1123daa364/builder-model-3.0.1.jar
7f814aba2000-7f814abb1000 r--s 00130000 fd:00 7493323                    /home/goodhope/.gradle/caches/jars-3/72ba1443c6adcea1f6ba21e12f0bb0fc/protobuf-java-3.0.0.jar
7f814abb1000-7f814abc4000 r--s 001a8000 fd:00 7493322                    /home/goodhope/.gradle/caches/jars-3/a1cbdfb97e256e71fcbd29dc4584a785/protos-26.0.1.jar
7f814abc4000-7f814abc5000 r--s 00005000 fd:00 7493321                    /home/goodhope/.gradle/caches/jars-3/ca5180624b528b15325a5d002dbfbb6d/shared-26.0.1.jar
7f814abc5000-7f814abc7000 r--s 00004000 fd:00 7493320                    /home/goodhope/.gradle/caches/jars-3/07f12c2b6f66ca8d4d6bd02e9c9b060a/tracker-26.0.1.jar
7f814abc7000-7f814abc9000 r--s 00002000 fd:00 7493319                    /home/goodhope/.gradle/caches/jars-3/e91624d2ed1c3b55eec9fd768ed13c1d/proguard-gradle-5.3.3.jar
7f814abc9000-7f814abcb000 r--s 0000f000 fd:00 7493318                    /home/goodhope/.gradle/caches/jars-3/96760c32d36a5d7066e3ccf088bfd362/jopt-simple-4.9.jar
7f814abcb000-7f814abcf000 r--s 0001e000 fd:00 7493317                    /home/goodhope/.gradle/caches/jars-3/0d3e95aba631209a078aeec58a76633d/org.jacoco.core-0.7.4.201502262128.jar
7f814abcf000-7f814abd2000 r--s 00020000 fd:00 7493316                    /home/goodhope/.gradle/caches/jars-3/c72fc284d34f39eab57a4e3ba83405e9/org.jacoco.report-0.7.4.201502262128.jar
7f814abd2000-7f814abd4000 r--s 0000c000 fd:00 7493315                    /home/goodhope/.gradle/caches/jars-3/9b0a36633c92c6e87e62c81734593183/asm-5.1.jar
7f814abd4000-7f814abd6000 r--s 00006000 fd:00 7493314                    /home/goodhope/.gradle/caches/jars-3/50c8a7da333c41693b2b7ce95b6d9d89/asm-tree-5.1.jar
7f814abd6000-7f814abd7000 r--s 0000a000 fd:00 7493313                    /home/goodhope/.gradle/caches/jars-3/c4f1f1d5a624f981d35a78d181e2c418/asm-util-5.1.jar
7f814abd7000-7f814abd9000 r--s 0000a000 fd:00 7493312                    /home/goodhope/.gradle/caches/jars-3/d37aa405961c464c627b1efe5def81b8/asm-commons-5.1.jar
7f814abd9000-7f814abda000 r--s 00004000 fd:00 7493311                    /home/goodhope/.gradle/caches/jars-3/2b2689d10a4425b1cb2d0654db2ea088/asm-analysis-5.1.jar
7f814abda000-7f814abde000 r--s 0002e000 fd:00 7493309                    /home/goodhope/.gradle/caches/jars-3/c519ce7b2f3637e909703f541c08c445/compilerCommon-3.0.1.jar
7f814abde000-7f814abe0000 r--s 00003000 fd:00 7493308                    /home/goodhope/.gradle/caches/jars-3/34cfdbf6cad3f54cc2f45521bf0374e7/gradle-api-3.0.1.jar
7f814abe0000-7f814abef000 r--s 000cb000 fd:00 7493307                    /home/goodhope/.gradle/caches/jars-3/e5c09abb4b0acf0785ecd8a8015ab959/uast-26.0.1.jar
7f814abef000-7f814add1000 r--s 01a45000 fd:00 7493306                    /home/goodhope/.gradle/caches/jars-3/f58e399bf7514751475f325920291a60/kotlin-compiler-embeddable-1.1.51.jar
7f814add1000-7f814add3000 r--s 00015000 fd:00 7493305                    /home/goodhope/.gradle/caches/jars-3/c98c8f72de51bce2df45abaab5cf3ef3/kotlin-compiler-runner-1.1.51.jar
7f814add3000-7f814add9000 r--s 00041000 fd:00 7493304                    /home/goodhope/.gradle/caches/jars-3/708e8cd98847a12d225847daccfff67c/kotlin-android-extensions-1.1.51.jar
7f814add9000-7f814ade8000 r--s 000c9000 fd:00 7493303                    /home/goodhope/.gradle/caches/jars-3/ef4da14216d3b0139bc27dec26ccbd58/kotlin-stdlib-1.1.51.jar
7f814ade8000-7f814ae1a000 r--s 0021b000 fd:00 7493302                    /home/goodhope/.gradle/caches/jars-3/24b2127528a18b338af82ff7ea236d45/kotlin-reflect-1.1.3-2.jar
7f814ae1a000-7f814ae20000 r--s 00030000 fd:00 7493301                    /home/goodhope/.gradle/caches/jars-3/90ec49f8b88710e2876aefe447609abb/repository-26.0.1.jar
7f814ae20000-7f814ae2b000 r--s 0009b000 fd:00 7493300                    /home/goodhope/.gradle/caches/jars-3/af771564c510a1c104220a8be892ab2d/sdklib-26.0.1.jar
7f814ae2b000-7f814ae3a000 r--s 000da000 fd:00 7493299                    /home/goodhope/.gradle/caches/jars-3/50767da85151ce151711c301f4a0623c/sdk-common-26.0.1.jar
7f814ae3a000-7f814ae6a000 r--s 01983000 fd:00 7493294                    /home/goodhope/.gradle/caches/jars-3/add7f1627b730db059119a8274a10c21/builder-3.0.1.jar
7f814ae6a000-7f814ae8d000 r--s 0020b000 fd:00 7493291                    /home/goodhope/.gradle/caches/jars-3/4adae2b762c8552c6e3aa2ded1493e4b/gradle-core-3.0.1.jar
7f814ae8d000-7f814ae90000 ---p 00000000 00:00 0 
7f814ae90000-7f814af8e000 rw-p 00000000 00:00 0 
7f814af8e000-7f814af91000 ---p 00000000 00:00 0 
7f814af91000-7f814b28f000 rw-p 00000000 00:00 0 
7f814b28f000-7f814b48f000 rw-p 00000000 00:00 0 
7f814b48f000-7f814b68f000 rw-p 00000000 00:00 0 
7f814b68f000-7f814b6ff000 r--s 00643000 fd:00 7493408                    /home/goodhope/.gradle/caches/jars-3/fd607a71f3d781451515f815d21ecd8e/groovy-all-2.4.6.jar
7f814b6ff000-7f814b8ff000 rw-p 00000000 00:00 0 
7f814b8ff000-7f814b902000 ---p 00000000 00:00 0 
7f814b902000-7f814bc00000 rw-p 00000000 00:00 0 
7f814bc00000-7f814be00000 rw-p 00000000 00:00 0 
7f814be00000-7f814c000000 rw-p 00000000 00:00 0 
7f814c000000-7f814c021000 rw-p 00000000 00:00 0 
7f814c021000-7f8150000000 ---p 00000000 00:00 0 
7f8150000000-7f8150287000 rw-p 00000000 00:00 0 
7f8150287000-7f8154000000 ---p 00000000 00:00 0 
7f8154000000-7f8154078000 rw-p 00000000 00:00 0 
7f8154078000-7f8158000000 ---p 00000000 00:00 0 
7f8158000000-7f8158021000 rw-p 00000000 00:00 0 
7f8158021000-7f815c000000 ---p 00000000 00:00 0 
7f815c000000-7f815c001000 r--s 00000000 fd:00 7493310                    /home/goodhope/.gradle/caches/jars-3/5206138fb8a6b2ffbd31e140916c2100/transform-api-2.0.0-deprecated-use-gradle-api.jar
7f815c001000-7f815c005000 r--s 00023000 fd:00 7493298                    /home/goodhope/.gradle/caches/jars-3/186e268c3a12c0a405d658dabf9d64d2/manifest-merger-26.0.1.jar
7f815c005000-7f815c00c000 r--s 0007f000 fd:00 7493297                    /home/goodhope/.gradle/caches/jars-3/b1f5a73634581e955e7f89376aea2d48/lint-api-26.0.1.jar
7f815c00c000-7f815c015000 r--s 000ff000 fd:00 7493296                    /home/goodhope/.gradle/caches/jars-3/75e696a5531ca85e1fe447df83f74bd2/lint-checks-26.0.1.jar
7f815c015000-7f815c018000 r--s 00039000 fd:00 7493295                    /home/goodhope/.gradle/caches/jars-3/7fa6c4fcdd1d81db4cc9c7439ce29486/lint-26.0.1.jar
7f815c018000-7f815c01c000 r--s 00032000 fd:00 7493293                    /home/goodhope/.gradle/caches/jars-3/744c2f8bc8d33daef489d5e8caac1742/kotlin-annotation-processing-1.1.51.jar
7f815c01c000-7f815c01e000 r--s 00000000 fd:00 7493292                    /home/goodhope/.gradle/caches/jars-3/804b406e4910d722cbeb4d03bf62493f/kotlin-gradle-plugin-api-1.1.51.jar
7f815c01e000-7f815c029000 r--s 0007d000 fd:00 7493290                    /home/goodhope/.gradle/caches/jars-3/04bf982734459a3bd6ec29bd6e4e0e17/kotlin-gradle-plugin-1.1.51.jar
7f815c029000-7f815c02b000 r--s 0000f000 fd:00 7493289                    /home/goodhope/.gradle/caches/jars-3/afd86a0d8507fd7f2e97461eaf9e4416/gradle-3.0.1.jar
7f815c02b000-7f815c030000 r--s 00034000 fd:00 7493410                    /home/goodhope/.gradle/caches/jars-3/d447f2396a03dbc75b6d52fec5a488d6/gson-2.5.jar
7f815c030000-7f815c03e000 r--s 000ca000 fd:00 7493409                    /home/goodhope/.gradle/caches/jars-3/e0bd0005080c5c7e72a2b279cbd60369/kotlin-runtime.jar
7f815c03e000-7f815c044000 r--s 0008b000 fd:00 7493407                    /home/goodhope/.gradle/caches/jars-3/12b60d252bcd68e30d8b20cdf4f7de06/gradle-tooling-extension-impl.jar
7f815c044000-7f815c046000 r--s 0000e000 fd:00 7493381                    /home/goodhope/.gradle/caches/jars-3/749fa8fddbb60dbf5a9683c6d3a8f3e9/android-extensions-ide.jar
7f815c046000-7f815c047000 r--s 00000000 fd:00 7493380                    /home/goodhope/.gradle/caches/jars-3/be363fcec6fce25e79fe7d68a2750e91/gradle-appengine-builder-model-0.1.0.jar
7f815c047000-7f815c066000 r--s 0053d000 fd:00 7493379                    /home/goodhope/.gradle/caches/jars-3/07dcf2f3f2bda71869cda3f75be96a82/sdk-tools.jar
7f815c066000-7f815c067000 r--s 00003000 fd:00 7493378                    /home/goodhope/.gradle/caches/jars-3/2405bbfe967ae4d56a908337251d2f0e/kotlin-gradle-tooling.jar
7f815c067000-7f815c06e000 r--s 0002a000 fd:00 7493375                    /home/goodhope/.gradle/caches/jars-3/fff47aec37b967e571b648d1fc9c6db6/gradle-messaging-3.5.jar
7f815c06e000-7f815c073000 r--s 00041000 fd:00 7493374                    /home/goodhope/.gradle/caches/jars-3/c0502f5c2cf6dfd52d250e1b7d027d24/commons-lang-2.6.jar
7f815c073000-7f815c0b5000 r--s 00220000 fd:00 7493373                    /home/goodhope/.gradle/caches/jars-3/929747bc6b973b44297e9c57df71598d/gradle-core-3.5.jar
7f815c0b5000-7f815c0be000 r--s 00047000 fd:00 7493372                    /home/goodhope/.gradle/caches/jars-3/11d06a5dce89fe5632250b7df00a3d57/gradle-base-services-3.5.jar
7f815c0be000-7f815c0e6000 r--s 001cf000 fd:00 7493371                    /home/goodhope/.gradle/caches/jars-3/566e7e0f530f75a42eba4833ef84d88c/guava-jdk5-17.0.jar
7f815c0e6000-7f815c0f4000 r--s 00043000 fd:00 7493370                    /home/goodhope/.gradle/caches/jars-3/c0d1da18a547ef3a2ba66d3068ae6e09/gradle-tooling-api-3.5.jar
7f815c0f4000-7f815c0f7000 ---p 00000000 00:00 0 
7f815c0f7000-7f815c3f5000 rw-p 00000000 00:00 0 
7f815c3f5000-7f815c3f8000 ---p 00000000 00:00 0 
7f815c3f8000-7f815c4f6000 rw-p 00000000 00:00 0 
7f815c4f6000-7f815c4f9000 ---p 00000000 00:00 0 
7f815c4f9000-7f815c7f7000 rw-p 00000000 00:00 0 
7f815c7f7000-7f815c7fa000 ---p 00000000 00:00 0 
7f815c7fa000-7f815c8f8000 rw-p 00000000 00:00 0 
7f815c8f8000-7f815c8fb000 ---p 00000000 00:00 0 
7f815c8fb000-7f815c9f9000 rw-p 00000000 00:00 0 
7f815c9f9000-7f815c9fc000 ---p 00000000 00:00 0 
7f815c9fc000-7f815cafa000 rw-p 00000000 00:00 0 
7f815cafa000-7f815cafd000 ---p 00000000 00:00 0 
7f815cafd000-7f815cbfb000 rw-p 00000000 00:00 0 
7f815cbfb000-7f815cbfe000 ---p 00000000 00:00 0 
7f815cbfe000-7f815ccfc000 rw-p 00000000 00:00 0 
7f815ccfc000-7f815ccff000 ---p 00000000 00:00 0 
7f815ccff000-7f815cdfd000 rw-p 00000000 00:00 0 
7f815cdfd000-7f815ce00000 ---p 00000000 00:00 0 
7f815ce00000-7f815cefe000 rw-p 00000000 00:00 0 
7f815cefe000-7f815cf01000 ---p 00000000 00:00 0 
7f815cf01000-7f8160000000 rw-p 00000000 00:00 0 
7f8160000000-7f8160bf5000 rw-p 00000000 00:00 0 
7f8160bf5000-7f8164000000 ---p 00000000 00:00 0 
7f8164000000-7f8164021000 rw-p 00000000 00:00 0 
7f8164021000-7f8168000000 ---p 00000000 00:00 0 
7f8168000000-7f8168043000 rw-p 00000000 00:00 0 
7f8168043000-7f816c000000 ---p 00000000 00:00 0 
7f816c000000-7f816d7d6000 rw-p 00000000 00:00 0 
7f816d7d6000-7f8170000000 ---p 00000000 00:00 0 
7f8170000000-7f8170021000 rw-p 00000000 00:00 0 
7f8170021000-7f8174000000 ---p 00000000 00:00 0 
7f8174000000-7f8174021000 rw-p 00000000 00:00 0 
7f8174021000-7f8178000000 ---p 00000000 00:00 0 
7f8178000000-7f81782ba000 rw-p 00000000 00:00 0 
7f81782ba000-7f817c000000 ---p 00000000 00:00 0 
7f817c000000-7f817c021000 rw-p 00000000 00:00 0 
7f817c021000-7f8180000000 ---p 00000000 00:00 0 
7f8180000000-7f818007e000 rw-p 00000000 00:00 0 
7f818007e000-7f8184000000 ---p 00000000 00:00 0 
7f8184000000-7f8184001000 r--s 00002000 fd:00 7493377                    /home/goodhope/.gradle/caches/jars-3/a5464f115a9bc6b52bb26e3cbeda18d3/external-system-rt.jar
7f8184001000-7f8184003000 r--s 0000c000 fd:00 7493376                    /home/goodhope/.gradle/caches/jars-3/4bc057eb82a797154e6f5adb86778648/gradle-tooling-extension-api.jar
7f8184003000-7f818407c000 r--s 010fd000 fd:00 7999580                    /usr/local/android-studio/jre/lib/tools.jar
7f818407c000-7f8184083000 r--s 00000000 fd:00 5382699                    /usr/lib/x86_64-linux-gnu/gconv/gconv-modules.cache
7f8184083000-7f8184088000 r--s 0009a000 fd:00 7999705                    /usr/local/android-studio/jre/jre/lib/jsse.jar
7f8184088000-7f8184288000 rw-p 00000000 00:00 0 
7f8184288000-7f8184291000 r-xp 00000000 fd:00 7999658                    /usr/local/android-studio/jre/jre/lib/amd64/libmanagement.so
7f8184291000-7f8184490000 ---p 00009000 fd:00 7999658                    /usr/local/android-studio/jre/jre/lib/amd64/libmanagement.so
7f8184490000-7f8184491000 r--p 00008000 fd:00 7999658                    /usr/local/android-studio/jre/jre/lib/amd64/libmanagement.so
7f8184491000-7f8184492000 rw-p 00009000 fd:00 7999658                    /usr/local/android-studio/jre/jre/lib/amd64/libmanagement.so
7f8184492000-7f8184494000 r--s 00007000 fd:00 7472231                    /home/goodhope/.gradle/wrapper/dists/gradle-4.1-all/bzyivzo6n839fup2jbap0tjew/gradle-4.1/lib/plugins/gradle-tooling-api-builders-4.1.jar
7f8184494000-7f8184497000 r--s 00009000 fd:00 7472241                    /home/goodhope/.gradle/wrapper/dists/gradle-4.1-all/bzyivzo6n839fup2jbap0tjew/gradle-4.1/lib/plugins/gradle-testing-native-4.1.jar
7f8184497000-7f8184499000 r--s 00009000 fd:00 7472314                    /home/goodhope/.gradle/wrapper/dists/gradle-4.1-all/bzyivzo6n839fup2jbap0tjew/gradle-4.1/lib/plugins/hamcrest-core-1.3.jar
7f8184499000-7f818449e000 r--s 00040000 fd:00 7472309                    /home/goodhope/.gradle/wrapper/dists/gradle-4.1-all/bzyivzo6n839fup2jbap0tjew/gradle-4.1/lib/plugins/bsh-2.0b4.jar
7f818449e000-7f81844a0000 r--s 00006000 fd:00 7472310                    /home/goodhope/.gradle/wrapper/dists/gradle-4.1-all/bzyivzo6n839fup2jbap0tjew/gradle-4.1/lib/plugins/jcommander-1.12.jar
7f81844a0000-7f81844a6000 r--s 00033000 fd:00 7472311                    /home/goodhope/.gradle/wrapper/dists/gradle-4.1-all/bzyivzo6n839fup2jbap0tjew/gradle-4.1/lib/plugins/snakeyaml-1.6.jar
7f81844a6000-7f81844af000 r--s 00089000 fd:00 7472269                    /home/goodhope/.gradle/wrapper/dists/gradle-4.1-all/bzyivzo6n839fup2jbap0tjew/gradle-4.1/lib/plugins/testng-6.3.1.jar
7f81844af000-7f81844b7000 r--s 00045000 fd:00 7472270                    /home/goodhope/.gradle/wrapper/dists/gradle-4.1-all/bzyivzo6n839fup2jbap0tjew/gradle-4.1/lib/plugins/junit-4.12.jar
7f81844b7000-7f81844bd000 r--s 0002e000 fd:00 7472237                    /home/goodhope/.gradle/wrapper/dists/gradle-4.1-all/bzyivzo6n839fup2jbap0tjew/gradle-4.1/lib/plugins/gradle-testing-jvm-4.1.jar
7f81844bd000-7f81844c1000 r--s 00017000 fd:00 7472245                    /home/goodhope/.gradle/wrapper/dists/gradle-4.1-all/bzyivzo6n839fup2jbap0tjew/gradle-4.1/lib/plugins/gradle-testing-base-4.1.jar
7f81844c1000-7f81844c8000 r--s 00038000 fd:00 7472265                    /home/goodhope/.gradle/wrapper/dists/gradle-4.1-all/bzyivzo6n839fup2jbap0tjew/gradle-4.1/lib/plugins/bcpg-jdk15on-1.51.jar
7f81844c8000-7f81844ca000 r--s 0000c000 fd:00 7472216                    /home/goodhope/.gradle/wrapper/dists/gradle-4.1-all/bzyivzo6n839fup2jbap0tjew/gradle-4.1/lib/plugins/gradle-signing-4.1.jar
7f81844ca000-7f81844cc000 r--s 00007000 fd:00 7472222                    /home/goodhope/.gradle/wrapper/dists/gradle-4.1-all/bzyivzo6n839fup2jbap0tjew/gradle-4.1/lib/plugins/gradle-scala-4.1.jar
7f81844cc000-7f81844cd000 r--s 00004000 fd:00 7472253                    /home/goodhope/.gradle/wrapper/dists/gradle-4.1-all/bzyivzo6n839fup2jbap0tjew/gradle-4.1/lib/plugins/gradle-resources-sftp-4.1.jar
7f81844cd000-7f81844dd000 r--s 00088000 fd:00 7472282                    /home/goodhope/.gradle/wrapper/dists/gradle-4.1-all/bzyivzo6n839fup2jbap0tjew/gradle-4.1/lib/plugins/joda-time-2.8.2.jar
7f81844dd000-7f81844ee000 r--s 0010d000 fd:00 7472281                    /home/goodhope/.gradle/wrapper/dists/gradle-4.1-all/bzyivzo6n839fup2jbap0tjew/gradle-4.1/lib/plugins/jackson-databind-2.6.6.jar
7f81844ee000-7f81844f1000 r--s 00009000 fd:00 7472280                    /home/goodhope/.gradle/wrapper/dists/gradle-4.1-all/bzyivzo6n839fup2jbap0tjew/gradle-4.1/lib/plugins/jackson-annotations-2.6.6.jar
7f81844f1000-7f81844f5000 r--s 0003c000 fd:00 7472279                    /home/goodhope/.gradle/wrapper/dists/gradle-4.1-all/bzyivzo6n839fup2jbap0tjew/gradle-4.1/lib/plugins/jackson-core-2.6.6.jar
7f81844f5000-7f8184503000 r--s 00087000 fd:00 7472278                    /home/goodhope/.gradle/wrapper/dists/gradle-4.1-all/bzyivzo6n839fup2jbap0tjew/gradle-4.1/lib/plugins/aws-java-sdk-core-1.11.6.jar
7f8184503000-7f818450a000 r--s 00057000 fd:00 7472277                    /home/goodhope/.gradle/wrapper/dists/gradle-4.1-all/bzyivzo6n839fup2jbap0tjew/gradle-4.1/lib/plugins/aws-java-sdk-kms-1.11.6.jar
7f818450a000-7f8184517000 r--s 0008e000 fd:00 7472276                    /home/goodhope/.gradle/wrapper/dists/gradle-4.1-all/bzyivzo6n839fup2jbap0tjew/gradle-4.1/lib/plugins/aws-java-sdk-s3-1.11.6.jar
7f8184517000-7f8184519000 r--s 00004000 fd:00 7472250                    /home/goodhope/.gradle/wrapper/dists/gradle-4.1-all/bzyivzo6n839fup2jbap0tjew/gradle-4.1/lib/plugins/gradle-resources-s3-4.1.jar
7f8184519000-7f818451b000 r--s 00010000 fd:00 7472246                    /home/goodhope/.gradle/wrapper/dists/gradle-4.1-all/bzyivzo6n839fup2jbap0tjew/gradle-4.1/lib/plugins/gradle-reporting-4.1.jar
7f818451b000-7f818451d000 r--s 00002000 fd:00 7472247                    /home/goodhope/.gradle/wrapper/dists/gradle-4.1-all/bzyivzo6n839fup2jbap0tjew/gradle-4.1/lib/plugins/gradle-publish-4.1.jar
7f818451d000-7f818451f000 r--s 00009000 fd:00 7472258                    /home/goodhope/.gradle/wrapper/dists/gradle-4.1-all/bzyivzo6n839fup2jbap0tjew/gradle-4.1/lib/plugins/commons-cli-1.2.jar
7f818451f000-7f8184525000 r--s 00036000 fd:00 7472230                    /home/goodhope/.gradle/wrapper/dists/gradle-4.1-all/bzyivzo6n839fup2jbap0tjew/gradle-4.1/lib/plugins/gradle-plugins-4.1.jar
7f8184525000-7f8184527000 r--s 00009000 fd:00 7472217                    /home/goodhope/.gradle/wrapper/dists/gradle-4.1-all/bzyivzo6n839fup2jbap0tjew/gradle-4.1/lib/plugins/gradle-plugin-development-4.1.jar
7f8184527000-7f818452d000 r--s 0002b000 fd:00 7472225                    /home/goodhope/.gradle/wrapper/dists/gradle-4.1-all/bzyivzo6n839fup2jbap0tjew/gradle-4.1/lib/plugins/gradle-platform-play-4.1.jar
7f818452d000-7f818453c000 r--s 0005b000 fd:00 7472243                    /home/goodhope/.gradle/wrapper/dists/gradle-4.1-all/bzyivzo6n839fup2jbap0tjew/gradle-4.1/lib/plugins/gradle-platform-native-4.1.jar
7f818453c000-7f8184540000 r--s 0001b000 fd:00 7472240                    /home/goodhope/.gradle/wrapper/dists/gradle-4.1-all/bzyivzo6n839fup2jbap0tjew/gradle-4.1/lib/plugins/gradle-platform-jvm-4.1.jar
7f8184540000-7f8184548000 r--s 00027000 fd:00 7472248                    /home/goodhope/.gradle/wrapper/dists/gradle-4.1-all/bzyivzo6n839fup2jbap0tjew/gradle-4.1/lib/plugins/gradle-platform-base-4.1.jar
7f8184548000-7f8184570000 r--s 0021c000 fd:00 7472259                    /home/goodhope/.gradle/wrapper/dists/gradle-4.1-all/bzyivzo6n839fup2jbap0tjew/gradle-4.1/lib/plugins/biz.aQute.bndlib-3.2.0.jar
7f8184570000-7f8184571000 r--s 00004000 fd:00 7472215                    /home/goodhope/.gradle/wrapper/dists/gradle-4.1-all/bzyivzo6n839fup2jbap0tjew/gradle-4.1/lib/plugins/gradle-osgi-4.1.jar
7f8184571000-7f8184574000 r--s 0000c000 fd:00 7472262                    /home/goodhope/.gradle/wrapper/dists/gradle-4.1-all/bzyivzo6n839fup2jbap0tjew/gradle-4.1/lib/plugins/pmaven-groovy-0.8-20100325.jar
7f8184574000-7f8184575000 r--s 00004000 fd:00 7472261                    /home/goodhope/.gradle/wrapper/dists/gradle-4.1-all/bzyivzo6n839fup2jbap0tjew/gradle-4.1/lib/plugins/pmaven-common-0.8-20100325.jar
7f8184575000-7f818457b000 r--s 00023000 fd:00 7472218                    /home/goodhope/.gradle/wrapper/dists/gradle-4.1-all/bzyivzo6n839fup2jbap0tjew/gradle-4.1/lib/plugins/gradle-maven-4.1.jar
7f818457b000-7f818457e000 r--s 0000b000 fd:00 7472236                    /home/goodhope/.gradle/wrapper/dists/gradle-4.1-all/bzyivzo6n839fup2jbap0tjew/gradle-4.1/lib/plugins/gradle-language-scala-4.1.jar
7f818457e000-7f8184585000 r--s 00020000 fd:00 7472242                    /home/goodhope/.gradle/wrapper/dists/gradle-4.1-all/bzyivzo6n839fup2jbap0tjew/gradle-4.1/lib/plugins/gradle-language-native-4.1.jar
7f8184585000-7f8184587000 r--s 00005000 fd:00 7472239                    /home/goodhope/.gradle/wrapper/dists/gradle-4.1-all/bzyivzo6n839fup2jbap0tjew/gradle-4.1/lib/plugins/gradle-language-jvm-4.1.jar
7f8184587000-7f818458e000 r--s 0002f000 fd:00 7472238                    /home/goodhope/.gradle/wrapper/dists/gradle-4.1-all/bzyivzo6n839fup2jbap0tjew/gradle-4.1/lib/plugins/gradle-language-java-4.1.jar
7f818458e000-7f8184591000 r--s 0000a000 fd:00 7472235                    /home/goodhope/.gradle/wrapper/dists/gradle-4.1-all/bzyivzo6n839fup2jbap0tjew/gradle-4.1/lib/plugins/gradle-language-groovy-4.1.jar
7f8184591000-7f8184598000 r--s 00035000 fd:00 7472268                    /home/goodhope/.gradle/wrapper/dists/gradle-4.1-all/bzyivzo6n839fup2jbap0tjew/gradle-4.1/lib/plugins/simple-4.1.21.jar
7f8184598000-7f81845a4000 r--s 00100000 fd:00 7472266                    /home/goodhope/.gradle/wrapper/dists/gradle-4.1-all/bzyivzo6n839fup2jbap0tjew/gradle-4.1/lib/plugins/rhino-1.7R3.jar
7f81845a4000-7f81845a8000 r--s 00012000 fd:00 7472226                    /home/goodhope/.gradle/wrapper/dists/gradle-4.1-all/bzyivzo6n839fup2jbap0tjew/gradle-4.1/lib/plugins/gradle-javascript-4.1.jar
7f81845a8000-7f81845ab000 r--s 00011000 fd:00 7472228                    /home/goodhope/.gradle/wrapper/dists/gradle-4.1-all/bzyivzo6n839fup2jbap0tjew/gradle-4.1/lib/plugins/gradle-jacoco-4.1.jar
7f81845ab000-7f81845ae000 r--s 0000e000 fd:00 7472227                    /home/goodhope/.gradle/wrapper/dists/gradle-4.1-all/bzyivzo6n839fup2jbap0tjew/gradle-4.1/lib/plugins/gradle-ivy-4.1.jar
7f81845ae000-7f81845af000 r--s 00002000 fd:00 7472219                    /home/goodhope/.gradle/wrapper/dists/gradle-4.1-all/bzyivzo6n839fup2jbap0tjew/gradle-4.1/lib/plugins/gradle-ide-play-4.1.jar
7f81845af000-7f81845b2000 r--s 00013000 fd:00 7472220                    /home/goodhope/.gradle/wrapper/dists/gradle-4.1-all/bzyivzo6n839fup2jbap0tjew/gradle-4.1/lib/plugins/gradle-ide-native-4.1.jar
7f81845b2000-7f81845bc000 r--s 00054000 fd:00 7472221                    /home/goodhope/.gradle/wrapper/dists/gradle-4.1-all/bzyivzo6n839fup2jbap0tjew/gradle-4.1/lib/plugins/gradle-ide-4.1.jar
7f81845bc000-7f81845be000 r--s 00007000 fd:00 7472224                    /home/goodhope/.gradle/wrapper/dists/gradle-4.1-all/bzyivzo6n839fup2jbap0tjew/gradle-4.1/lib/plugins/gradle-ear-4.1.jar
7f81845be000-7f81845c0000 r--s 00005000 fd:00 7472256                    /home/goodhope/.gradle/wrapper/dists/gradle-4.1-all/bzyivzo6n839fup2jbap0tjew/gradle-4.1/lib/plugins/jatl-0.2.2.jar
7f81845c0000-7f81845c7000 r--s 00038000 fd:00 7472244                    /home/goodhope/.gradle/wrapper/dists/gradle-4.1-all/bzyivzo6n839fup2jbap0tjew/gradle-4.1/lib/plugins/gradle-diagnostics-4.1.jar
7f81845c7000-7f81845c9000 r--s 0000b000 fd:00 7472233                    /home/goodhope/.gradle/wrapper/dists/gradle-4.1-all/bzyivzo6n839fup2jbap0tjew/gradle-4.1/lib/plugins/gradle-composite-builds-4.1.jar
7f81845c9000-7f81845ce000 r--s 00025000 fd:00 7472213                    /home/goodhope/.gradle/wrapper/dists/gradle-4.1-all/bzyivzo6n839fup2jbap0tjew/gradle-4.1/lib/plugins/gradle-code-quality-4.1.jar
7f81845ce000-7f81845d3000 r--s 00022000 fd:00 7472229                    /home/goodhope/.gradle/wrapper/dists/gradle-4.1-all/bzyivzo6n839fup2jbap0tjew/gradle-4.1/lib/plugins/gradle-build-init-4.1.jar
7f81845d3000-7f81845d9000 r--s 0008e000 fd:00 7472223                    /home/goodhope/.gradle/wrapper/dists/gradle-4.1-all/bzyivzo6n839fup2jbap0tjew/gradle-4.1/lib/plugins/gradle-build-comparison-4.1.jar
7f81845d9000-7f81845da000 r--s 00002000 fd:00 7472251                    /home/goodhope/.gradle/wrapper/dists/gradle-4.1-all/bzyivzo6n839fup2jbap0tjew/gradle-4.1/lib/plugins/gradle-build-cache-http-4.1.jar
7f81845da000-7f81845dc000 r--s 00008000 fd:00 7472214                    /home/goodhope/.gradle/wrapper/dists/gradle-4.1-all/bzyivzo6n839fup2jbap0tjew/gradle-4.1/lib/plugins/gradle-antlr-4.1.jar
7f81845dc000-7f81845de000 r--s 00004000 fd:00 7472234                    /home/goodhope/.gradle/wrapper/dists/gradle-4.1-all/bzyivzo6n839fup2jbap0tjew/gradle-4.1/lib/plugins/gradle-announce-4.1.jar
7f81845de000-7f81845e0000 r--s 00008000 fd:00 7472154                    /home/goodhope/.gradle/wrapper/dists/gradle-4.1-all/bzyivzo6n839fup2jbap0tjew/gradle-4.1/lib/gradle-kotlin-dsl-tooling-builders-0.10.3.jar
7f81845e0000-7f81845e3000 r--s 0001c000 fd:00 7472272                    /home/goodhope/.gradle/wrapper/dists/gradle-4.1-all/bzyivzo6n839fup2jbap0tjew/gradle-4.1/lib/plugins/nekohtml-1.9.14.jar
7f81845e3000-7f81845eb000 r--s 00028000 fd:00 7472313                    /home/goodhope/.gradle/wrapper/dists/gradle-4.1-all/bzyivzo6n839fup2jbap0tjew/gradle-4.1/lib/plugins/xml-apis-1.3.04.jar
7f81845eb000-7f8184603000 r--s 00115000 fd:00 7472273                    /home/goodhope/.gradle/wrapper/dists/gradle-4.1-all/bzyivzo6n839fup2jbap0tjew/gradle-4.1/lib/plugins/xercesImpl-2.9.1.jar
7f8184603000-7f8184609000 r--s 0005b000 fd:00 7472271                    /home/goodhope/.gradle/wrapper/dists/gradle-4.1-all/bzyivzo6n839fup2jbap0tjew/gradle-4.1/lib/plugins/jcifs-1.3.17.jar
7f8184609000-7f8184610000 r--s 00049000 fd:00 7472312                    /home/goodhope/.gradle/wrapper/dists/gradle-4.1-all/bzyivzo6n839fup2jbap0tjew/gradle-4.1/lib/plugins/httpcore-4.4.4.jar
7f8184610000-7f8184616000 r--s 00033000 fd:00 7472264                    /home/goodhope/.gradle/wrapper/dists/gradle-4.1-all/bzyivzo6n839fup2jbap0tjew/gradle-4.1/lib/plugins/commons-codec-1.6.jar
7f8184616000-7f8184623000 r--s 000a4000 fd:00 7472257                    /home/goodhope/.gradle/wrapper/dists/gradle-4.1-all/bzyivzo6n839fup2jbap0tjew/gradle-4.1/lib/plugins/httpclient-4.4.1.jar
7f8184623000-7f8184625000 r--s 0000b000 fd:00 7472252                    /home/goodhope/.gradle/wrapper/dists/gradle-4.1-all/bzyivzo6n839fup2jbap0tjew/gradle-4.1/lib/plugins/gradle-resources-http-4.1.jar
7f8184625000-7f8184629000 r--s 00017000 fd:00 7472249                    /home/goodhope/.gradle/wrapper/dists/gradle-4.1-all/bzyivzo6n839fup2jbap0tjew/gradle-4.1/lib/plugins/gradle-plugin-use-4.1.jar
7f8184629000-7f818462a000 r--s 00000000 fd:00 7472160                    /home/goodhope/.gradle/wrapper/dists/gradle-4.1-all/bzyivzo6n839fup2jbap0tjew/gradle-4.1/lib/gradle-runtime-api-info-4.1.jar
7f818462a000-7f818462b000 r--s 00000000 fd:00 7472163                    /home/goodhope/.gradle/wrapper/dists/gradle-4.1-all/bzyivzo6n839fup2jbap0tjew/gradle-4.1/lib/gradle-installation-beacon-4.1.jar
7f818462b000-7f818466b000 r--s 00277000 fd:00 7472284                    /home/goodhope/.gradle/wrapper/dists/gradle-4.1-all/bzyivzo6n839fup2jbap0tjew/gradle-4.1/lib/plugins/bcprov-jdk15on-1.51.jar
7f818466b000-7f818466f000 r--s 0001d000 fd:00 7472283                    /home/goodhope/.gradle/wrapper/dists/gradle-4.1-all/bzyivzo6n839fup2jbap0tjew/gradle-4.1/lib/plugins/xbean-reflect-3.4.jar
7f818466f000-7f8184671000 r--s 0000a000 fd:00 7472285                    /home/goodhope/.gradle/wrapper/dists/gradle-4.1-all/bzyivzo6n839fup2jbap0tjew/gradle-4.1/lib/plugins/maven-settings-3.0.4.jar
7f8184671000-7f8184674000 r--s 00008000 fd:00 7472286                    /home/goodhope/.gradle/wrapper/dists/gradle-4.1-all/bzyivzo6n839fup2jbap0tjew/gradle-4.1/lib/plugins/maven-settings-builder-3.0.4.jar
7f8184674000-7f8184678000 r--s 00033000 fd:00 7472287                    /home/goodhope/.gradle/wrapper/dists/gradle-4.1-all/bzyivzo6n839fup2jbap0tjew/gradle-4.1/lib/plugins/plexus-utils-2.0.6.jar
7f8184678000-7f818467a000 r--s 0000d000 fd:00 7472288                    /home/goodhope/.gradle/wrapper/dists/gradle-4.1-all/bzyivzo6n839fup2jbap0tjew/gradle-4.1/lib/plugins/plexus-interpolation-1.14.jar
7f818467a000-7f818467c000 r--s 00000000 fd:00 7472263                    /home/goodhope/.gradle/wrapper/dists/gradle-4.1-all/bzyivzo6n839fup2jbap0tjew/gradle-4.1/lib/plugins/plexus-component-annotations-1.5.5.jar
7f818467c000-7f8184683000 r--s 0002e000 fd:00 7472289                    /home/goodhope/.gradle/wrapper/dists/gradle-4.1-all/bzyivzo6n839fup2jbap0tjew/gradle-4.1/lib/plugins/plexus-container-default-1.5.5.jar
7f8184683000-7f8184685000 r--s 0000a000 fd:00 7472290                    /home/goodhope/.gradle/wrapper/dists/gradle-4.1-all/bzyivzo6n839fup2jbap0tjew/gradle-4.1/lib/plugins/plexus-classworlds-2.4.jar
7f8184685000-7f8184687000 r--s 00002000 fd:00 7472291                    /home/goodhope/.gradle/wrapper/dists/gradle-4.1-all/bzyivzo6n839fup2jbap0tjew/gradle-4.1/lib/plugins/plexus-cipher-1.7.jar
7f8184687000-7f8184688000 r--s 00006000 fd:00 7472292                    /home/goodhope/.gradle/wrapper/dists/gradle-4.1-all/bzyivzo6n839fup2jbap0tjew/gradle-4.1/lib/plugins/plexus-sec-dispatcher-1.3.jar
7f8184688000-7f818468e000 r--s 0003f000 fd:00 7472293                    /home/goodhope/.gradle/wrapper/dists/gradle-4.1-all/bzyivzo6n839fup2jbap0tjew/gradle-4.1/lib/plugins/maven-compat-3.0.4.jar
7f818468e000-7f8184692000 r--s 00021000 fd:00 7472294                    /home/goodhope/.gradle/wrapper/dists/gradle-4.1-all/bzyivzo6n839fup2jbap0tjew/gradle-4.1/lib/plugins/maven-model-builder-3.0.4.jar
7f8184692000-7f8184694000 r--s 00026000 fd:00 7472295                    /home/goodhope/.gradle/wrapper/dists/gradle-4.1-all/bzyivzo6n839fup2jbap0tjew/gradle-4.1/lib/plugins/maven-model-3.0.4.jar
7f8184694000-7f8184696000 r--s 0000b000 fd:00 7472296                    /home/goodhope/.gradle/wrapper/dists/gradle-4.1-all/bzyivzo6n839fup2jbap0tjew/gradle-4.1/lib/plugins/maven-artifact-3.0.4.jar
7f8184696000-7f8184698000 r--s 00006000 fd:00 7472297                    /home/goodhope/.gradle/wrapper/dists/gradle-4.1-all/bzyivzo6n839fup2jbap0tjew/gradle-4.1/lib/plugins/maven-repository-metadata-3.0.4.jar
7f8184698000-7f818469a000 r--s 0000b000 fd:00 7472298                    /home/goodhope/.gradle/wrapper/dists/gradle-4.1-all/bzyivzo6n839fup2jbap0tjew/gradle-4.1/lib/plugins/maven-plugin-api-3.0.4.jar
7f818469a000-7f818469c000 r--s 0000c000 fd:00 7472299                    /home/goodhope/.gradle/wrapper/dists/gradle-4.1-all/bzyivzo6n839fup2jbap0tjew/gradle-4.1/lib/plugins/maven-aether-provider-3.0.4.jar
7f818469c000-7f818469d000 r--s 00002000 fd:00 7472300                    /home/goodhope/.gradle/wrapper/dists/gradle-4.1-all/bzyivzo6n839fup2jbap0tjew/gradle-4.1/lib/plugins/wagon-file-2.4.jar
7f818469d000-7f818469f000 r--s 0000b000 fd:00 7472302                    /home/goodhope/.gradle/wrapper/dists/gradle-4.1-all/bzyivzo6n839fup2jbap0tjew/gradle-4.1/lib/plugins/wagon-provider-api-2.4.jar
7f818469f000-7f81846a2000 r--s 00013000 fd:00 7472304                    /home/goodhope/.gradle/wrapper/dists/gradle-4.1-all/bzyivzo6n839fup2jbap0tjew/gradle-4.1/lib/plugins/aether-api-1.13.1.jar
7f81846a2000-7f81846a5000 r--s 0001d000 fd:00 7472305                    /home/goodhope/.gradle/wrapper/dists/gradle-4.1-all/bzyivzo6n839fup2jbap0tjew/gradle-4.1/lib/plugins/aether-impl-1.13.1.jar
7f81846a5000-7f81846a9000 r--s 0001c000 fd:00 7472307                    /home/goodhope/.gradle/wrapper/dists/gradle-4.1-all/bzyivzo6n839fup2jbap0tjew/gradle-4.1/lib/plugins/aether-util-1.13.1.jar
7f81846a9000-7f81846b5000 r--s 0007d000 fd:00 7472260                    /home/goodhope/.gradle/wrapper/dists/gradle-4.1-all/bzyivzo6n839fup2jbap0tjew/gradle-4.1/lib/plugins/maven-core-3.0.4.jar
7f81846b5000-7f81846d9000 r--s 0011a000 fd:00 7472255                    /home/goodhope/.gradle/wrapper/dists/gradle-4.1-all/bzyivzo6n839fup2jbap0tjew/gradle-4.1/lib/plugins/gradle-dependency-management-4.1.jar
7f81846d9000-7f81846ef000 r-xp 00000000 fd:00 7869033                    /lib/x86_64-linux-gnu/libgcc_s.so.1
7f81846ef000-7f81848ee000 ---p 00016000 fd:00 7869033                    /lib/x86_64-linux-gnu/libgcc_s.so.1
7f81848ee000-7f81848ef000 rw-p 00015000 fd:00 7869033                    /lib/x86_64-linux-gnu/libgcc_s.so.1
7f81848ef000-7f8184a61000 r-xp 00000000 fd:00 4981216                    /usr/lib/x86_64-linux-gnu/libstdc++.so.6.0.21
7f8184a61000-7f8184c61000 ---p 00172000 fd:00 4981216                    /usr/lib/x86_64-linux-gnu/libstdc++.so.6.0.21
7f8184c61000-7f8184c6b000 r--p 00172000 fd:00 4981216                    /usr/lib/x86_64-linux-gnu/libstdc++.so.6.0.21
7f8184c6b000-7f8184c6d000 rw-p 0017c000 fd:00 4981216                    /usr/lib/x86_64-linux-gnu/libstdc++.so.6.0.21
7f8184c6d000-7f8184c71000 rw-p 00000000 00:00 0 
7f8184c71000-7f8184c72000 r--s 00002000 fd:00 7472301                    /home/goodhope/.gradle/wrapper/dists/gradle-4.1-all/bzyivzo6n839fup2jbap0tjew/gradle-4.1/lib/plugins/wagon-http-2.4.jar
7f8184c72000-7f8184c73000 r--s 00007000 fd:00 7472303                    /home/goodhope/.gradle/wrapper/dists/gradle-4.1-all/bzyivzo6n839fup2jbap0tjew/gradle-4.1/lib/plugins/wagon-http-shared4-2.4.jar
7f8184c73000-7f8184c74000 r--s 00003000 fd:00 7472306                    /home/goodhope/.gradle/wrapper/dists/gradle-4.1-all/bzyivzo6n839fup2jbap0tjew/gradle-4.1/lib/plugins/aether-spi-1.13.1.jar
7f8184c74000-7f8184c76000 r--s 00006000 fd:00 7472308                    /home/goodhope/.gradle/wrapper/dists/gradle-4.1-all/bzyivzo6n839fup2jbap0tjew/gradle-4.1/lib/plugins/aether-connector-wagon-1.13.1.jar
7f8184c76000-7f8184c7b000 r--s 00034000 fd:00 7472267                    /home/goodhope/.gradle/wrapper/dists/gradle-4.1-all/bzyivzo6n839fup2jbap0tjew/gradle-4.1/lib/plugins/gson-2.7.jar
7f8184c7b000-7f8184c80000 r--s 00040000 fd:00 7472275                    /home/goodhope/.gradle/wrapper/dists/gradle-4.1-all/bzyivzo6n839fup2jbap0tjew/gradle-4.1/lib/plugins/jsch-0.1.54.jar
7f8184c80000-7f8184c8f000 r--s 000d9000 fd:00 7472274                    /home/goodhope/.gradle/wrapper/dists/gradle-4.1-all/bzyivzo6n839fup2jbap0tjew/gradle-4.1/lib/plugins/ivy-2.2.0.jar
7f8184c8f000-7f8184c92000 r--s 0000d000 fd:00 7472254                    /home/goodhope/.gradle/wrapper/dists/gradle-4.1-all/bzyivzo6n839fup2jbap0tjew/gradle-4.1/lib/plugins/gradle-workers-4.1.jar
7f8184c92000-7f8184c97000 r-xp 00000000 fd:00 7472919                    /home/goodhope/.gradle/native/25/linux-amd64/libnative-platform.so
7f8184c97000-7f8184e96000 ---p 00005000 fd:00 7472919                    /home/goodhope/.gradle/native/25/linux-amd64/libnative-platform.so
7f8184e96000-7f8184e97000 rw-p 00004000 fd:00 7472919                    /home/goodhope/.gradle/native/25/linux-amd64/libnative-platform.so
7f8184e97000-7f8184ea8000 r-xp 00000000 fd:00 7999650                    /usr/local/android-studio/jre/jre/lib/amd64/libnio.so
7f8184ea8000-7f81850a7000 ---p 00011000 fd:00 7999650                    /usr/local/android-studio/jre/jre/lib/amd64/libnio.so
7f81850a7000-7f81850a8000 r--p 00010000 fd:00 7999650                    /usr/local/android-studio/jre/jre/lib/amd64/libnio.so
7f81850a8000-7f81850a9000 rw-p 00011000 fd:00 7999650                    /usr/local/android-studio/jre/jre/lib/amd64/libnio.so
7f81850a9000-7f81850bf000 r-xp 00000000 fd:00 7999652                    /usr/local/android-studio/jre/jre/lib/amd64/libnet.so
7f81850bf000-7f81852bf000 ---p 00016000 fd:00 7999652                    /usr/local/android-studio/jre/jre/lib/amd64/libnet.so
7f81852bf000-7f81852c0000 r--p 00016000 fd:00 7999652                    /usr/local/android-studio/jre/jre/lib/amd64/libnet.so
7f81852c0000-7f81852c1000 rw-p 00017000 fd:00 7999652                    /usr/local/android-studio/jre/jre/lib/amd64/libnet.so
7f81852c1000-7f81852c2000 r--s 00006000 fd:00 7472162                    /home/goodhope/.gradle/wrapper/dists/gradle-4.1-all/bzyivzo6n839fup2jbap0tjew/gradle-4.1/lib/gradle-wrapper-4.1.jar
7f81852c2000-7f81852cf000 r--s 00043000 fd:00 7472161                    /home/goodhope/.gradle/wrapper/dists/gradle-4.1-all/bzyivzo6n839fup2jbap0tjew/gradle-4.1/lib/gradle-tooling-api-4.1.jar
7f81852cf000-7f81852de000 r--s 000c8000 fd:00 7472158                    /home/goodhope/.gradle/wrapper/dists/gradle-4.1-all/bzyivzo6n839fup2jbap0tjew/gradle-4.1/lib/kotlin-stdlib-1.1.3-2.jar
7f81852de000-7f8185310000 r--s 0021b000 fd:00 7472157                    /home/goodhope/.gradle/wrapper/dists/gradle-4.1-all/bzyivzo6n839fup2jbap0tjew/gradle-4.1/lib/kotlin-reflect-1.1.3-2.jar
7f8185310000-7f81854c7000 r--s 01786000 fd:00 7472156                    /home/goodhope/.gradle/wrapper/dists/gradle-4.1-all/bzyivzo6n839fup2jbap0tjew/gradle-4.1/lib/kotlin-compiler-embeddable-1.1.3-2.jar
7f81854c7000-7f81854c8000 r--s 00000000 fd:00 7472155                    /home/goodhope/.gradle/wrapper/dists/gradle-4.1-all/bzyivzo6n839fup2jbap0tjew/gradle-4.1/lib/gradle-kotlin-dsl-tooling-models-0.10.3.jar
7f81854c8000-7f81854c9000 r--s 00001000 fd:00 7472153                    /home/goodhope/.gradle/wrapper/dists/gradle-4.1-all/bzyivzo6n839fup2jbap0tjew/gradle-4.1/lib/gradle-kotlin-dsl-compiler-plugin-0.10.3.jar
7f81854c9000-7f81854cb000 r--s 00003000 fd:00 7472151                    /home/goodhope/.gradle/wrapper/dists/gradle-4.1-all/bzyivzo6n839fup2jbap0tjew/gradle-4.1/lib/annotations-13.0.jar
7f81854cb000-7f81854d5000 r--s 00073000 fd:00 7472152                    /home/goodhope/.gradle/wrapper/dists/gradle-4.1-all/bzyivzo6n839fup2jbap0tjew/gradle-4.1/lib/gradle-kotlin-dsl-0.10.3.jar
7f81854d5000-7f81854da000 r--s 00013000 fd:00 7472168                    /home/goodhope/.gradle/wrapper/dists/gradle-4.1-all/bzyivzo6n839fup2jbap0tjew/gradle-4.1/lib/gradle-resources-4.1.jar
7f81854da000-7f81854dc000 r--s 00005000 fd:00 7472175                    /home/goodhope/.gradle/wrapper/dists/gradle-4.1-all/bzyivzo6n839fup2jbap0tjew/gradle-4.1/lib/gradle-cli-4.1.jar
7f81854dc000-7f81854de000 r--s 00003000 fd:00 7472182                    /home/goodhope/.gradle/wrapper/dists/gradle-4.1-all/bzyivzo6n839fup2jbap0tjew/gradle-4.1/lib/jcl-over-slf4j-1.7.10.jar
7f81854de000-7f81854df000 r--s 00005000 fd:00 7472181                    /home/goodhope/.gradle/wrapper/dists/gradle-4.1-all/bzyivzo6n839fup2jbap0tjew/gradle-4.1/lib/log4j-over-slf4j-1.7.10.jar
7f81854df000-7f81854e1000 r--s 00000000 fd:00 7472180                    /home/goodhope/.gradle/wrapper/dists/gradle-4.1-all/bzyivzo6n839fup2jbap0tjew/gradle-4.1/lib/jul-to-slf4j-1.7.10.jar
7f81854e1000-7f81854e8000 r--s 0002c000 fd:00 7472166                    /home/goodhope/.gradle/wrapper/dists/gradle-4.1-all/bzyivzo6n839fup2jbap0tjew/gradle-4.1/lib/gradle-logging-4.1.jar
7f81854e8000-7f81854f8000 r--s 00082000 fd:00 7472171                    /home/goodhope/.gradle/wrapper/dists/gradle-4.1-all/bzyivzo6n839fup2jbap0tjew/gradle-4.1/lib/gradle-model-core-4.1.jar
7f81854f8000-7f81854fa000 r--s 00006000 fd:00 7472172                    /home/goodhope/.gradle/wrapper/dists/gradle-4.1-all/bzyivzo6n839fup2jbap0tjew/gradle-4.1/lib/gradle-base-services-groovy-4.1.jar
7f81854fa000-7f81854fc000 r--s 00007000 fd:00 7472170                    /home/goodhope/.gradle/wrapper/dists/gradle-4.1-all/bzyivzo6n839fup2jbap0tjew/gradle-4.1/lib/gradle-model-groovy-4.1.jar
7f81854fc000-7f81854fd000 r--s 00002000 fd:00 7472193                    /home/goodhope/.gradle/wrapper/dists/gradle-4.1-all/bzyivzo6n839fup2jbap0tjew/gradle-4.1/lib/gradle-docs-4.1.jar
7f81854fd000-7f818550a000 r--s 00083000 fd:00 7472191                    /home/goodhope/.gradle/wrapper/dists/gradle-4.1-all/bzyivzo6n839fup2jbap0tjew/gradle-4.1/lib/commons-collections-3.2.2.jar
7f818550a000-7f818550b000 r--s 00000000 fd:00 7472190                    /home/goodhope/.gradle/wrapper/dists/gradle-4.1-all/bzyivzo6n839fup2jbap0tjew/gradle-4.1/lib/javax.inject-1.jar
7f818550b000-7f818557b000 r--s 00645000 fd:00 7472188                    /home/goodhope/.gradle/wrapper/dists/gradle-4.1-all/bzyivzo6n839fup2jbap0tjew/gradle-4.1/lib/groovy-all-2.4.11.jar
7f818557b000-7f818557e000 r--s 00023000 fd:00 7472194                    /home/goodhope/.gradle/wrapper/dists/gradle-4.1-all/bzyivzo6n839fup2jbap0tjew/gradle-4.1/lib/jansi-1.14.jar
7f818557e000-7f818557f000 r--s 00004000 fd:00 7472196                    /home/goodhope/.gradle/wrapper/dists/gradle-4.1-all/bzyivzo6n839fup2jbap0tjew/gradle-4.1/lib/native-platform-freebsd-amd64-libcpp-0.14.jar
7f818557f000-7f8185580000 r--s 00004000 fd:00 7472197                    /home/goodhope/.gradle/wrapper/dists/gradle-4.1-all/bzyivzo6n839fup2jbap0tjew/gradle-4.1/lib/native-platform-freebsd-amd64-libstdcpp-0.14.jar
7f8185580000-7f8185581000 r--s 00004000 fd:00 7472198                    /home/goodhope/.gradle/wrapper/dists/gradle-4.1-all/bzyivzo6n839fup2jbap0tjew/gradle-4.1/lib/native-platform-freebsd-i386-libcpp-0.14.jar
7f8185581000-7f8185582000 r--s 00003000 fd:00 7472199                    /home/goodhope/.gradle/wrapper/dists/gradle-4.1-all/bzyivzo6n839fup2jbap0tjew/gradle-4.1/lib/native-platform-freebsd-i386-libstdcpp-0.14.jar
7f8185582000-7f8185583000 r--s 00002000 fd:00 7472200                    /home/goodhope/.gradle/wrapper/dists/gradle-4.1-all/bzyivzo6n839fup2jbap0tjew/gradle-4.1/lib/native-platform-linux-amd64-0.14.jar
7f8185583000-7f8185584000 r--s 00002000 fd:00 7472201                    /home/goodhope/.gradle/wrapper/dists/gradle-4.1-all/bzyivzo6n839fup2jbap0tjew/gradle-4.1/lib/native-platform-linux-i386-0.14.jar
7f8185584000-7f8185586000 r--s 00002000 fd:00 7472202                    /home/goodhope/.gradle/wrapper/dists/gradle-4.1-all/bzyivzo6n839fup2jbap0tjew/gradle-4.1/lib/native-platform-osx-amd64-0.14.jar
7f8185586000-7f8185587000 r--s 00003000 fd:00 7472203                    /home/goodhope/.gradle/wrapper/dists/gradle-4.1-all/bzyivzo6n839fup2jbap0tjew/gradle-4.1/lib/native-platform-osx-i386-0.14.jar
7f8185587000-7f8185589000 r--s 0000b000 fd:00 7472204                    /home/goodhope/.gradle/wrapper/dists/gradle-4.1-all/bzyivzo6n839fup2jbap0tjew/gradle-4.1/lib/native-platform-windows-amd64-0.14.jar
7f8185589000-7f818558a000 r--s 0000b000 fd:00 7472205                    /home/goodhope/.gradle/wrapper/dists/gradle-4.1-all/bzyivzo6n839fup2jbap0tjew/gradle-4.1/lib/native-platform-windows-i386-0.14.jar
7f818558a000-7f818558b000 r--s 00001000 fd:00 7472206                    /home/goodhope/.gradle/wrapper/dists/gradle-4.1-all/bzyivzo6n839fup2jbap0tjew/gradle-4.1/lib/native-platform-linux-amd64-ncurses5-0.14.jar
7f818558b000-7f818558c000 r--s 00001000 fd:00 7472207                    /home/goodhope/.gradle/wrapper/dists/gradle-4.1-all/bzyivzo6n839fup2jbap0tjew/gradle-4.1/lib/native-platform-linux-amd64-ncurses6-0.14.jar
7f818558c000-7f8185590000 r--s 00012000 fd:00 7472192                    /home/goodhope/.gradle/wrapper/dists/gradle-4.1-all/bzyivzo6n839fup2jbap0tjew/gradle-4.1/lib/native-platform-0.14.jar
7f8185590000-7f81855b8000 r--s 001cf000 fd:00 7472184                    /home/goodhope/.gradle/wrapper/dists/gradle-4.1-all/bzyivzo6n839fup2jbap0tjew/gradle-4.1/lib/guava-jdk5-17.0.jar
7f81855b8000-7f81855d7000 r--s 001d1000 fd:00 7472189                    /home/goodhope/.gradle/wrapper/dists/gradle-4.1-all/bzyivzo6n839fup2jbap0tjew/gradle-4.1/lib/ant-1.9.6.jar
7f81855d7000-7f8185621000 r--s 00253000 fd:00 7472164                    /home/goodhope/.gradle/wrapper/dists/gradle-4.1-all/bzyivzo6n839fup2jbap0tjew/gradle-4.1/lib/gradle-core-4.1.jar
7f8185621000-7f8185622000 ---p 00000000 00:00 0 
7f8185622000-7f8185722000 rw-p 00000000 00:00 0 
7f8185722000-7f8185725000 ---p 00000000 00:00 0 
7f8185725000-7f8185823000 rw-p 00000000 00:00 0 
7f8185823000-7f8185826000 ---p 00000000 00:00 0 
7f8185826000-7f8185924000 rw-p 00000000 00:00 0 
7f8185924000-7f8185927000 ---p 00000000 00:00 0 
7f8185927000-7f8185a25000 rw-p 00000000 00:00 0 
7f8185a25000-7f8185a28000 ---p 00000000 00:00 0 
7f8185a28000-7f8185b26000 rw-p 00000000 00:00 0 
7f8185b26000-7f8185dfe000 r--p 00000000 fd:00 4981913                    /usr/lib/locale/locale-archive
7f8185dfe000-7f8185e01000 ---p 00000000 00:00 0 
7f8185e01000-7f8185eff000 rw-p 00000000 00:00 0 
7f8185eff000-7f8185f02000 ---p 00000000 00:00 0 
7f8185f02000-7f8189000000 rw-p 00000000 00:00 0 
7f8189000000-7f818a520000 rwxp 00000000 00:00 0 
7f818a520000-7f8198000000 ---p 00000000 00:00 0 
7f8198000000-7f8198c51000 rw-p 00000000 00:00 0 
7f8198c51000-7f819c000000 ---p 00000000 00:00 0 
7f819c000000-7f819c001000 r--s 00001000 fd:00 7472208                    /home/goodhope/.gradle/wrapper/dists/gradle-4.1-all/bzyivzo6n839fup2jbap0tjew/gradle-4.1/lib/native-platform-linux-i386-ncurses5-0.14.jar
7f819c001000-7f819c004000 r--s 0000c000 fd:00 7472169                    /home/goodhope/.gradle/wrapper/dists/gradle-4.1-all/bzyivzo6n839fup2jbap0tjew/gradle-4.1/lib/gradle-native-4.1.jar
7f819c004000-7f819c006000 r--s 0000f000 fd:00 7472177                    /home/goodhope/.gradle/wrapper/dists/gradle-4.1-all/bzyivzo6n839fup2jbap0tjew/gradle-4.1/lib/reflectasm-1.07-shaded.jar
7f819c006000-7f819c008000 r--s 00000000 fd:00 7472210                    /home/goodhope/.gradle/wrapper/dists/gradle-4.1-all/bzyivzo6n839fup2jbap0tjew/gradle-4.1/lib/minlog-1.2.jar
7f819c008000-7f819c00a000 r--s 00007000 fd:00 7472211                    /home/goodhope/.gradle/wrapper/dists/gradle-4.1-all/bzyivzo6n839fup2jbap0tjew/gradle-4.1/lib/objenesis-1.2.jar
7f819c00a000-7f819c00e000 r--s 00026000 fd:00 7472176                    /home/goodhope/.gradle/wrapper/dists/gradle-4.1-all/bzyivzo6n839fup2jbap0tjew/gradle-4.1/lib/kryo-2.20.jar
7f819c00e000-7f819c014000 r--s 0002b000 fd:00 7472173                    /home/goodhope/.gradle/wrapper/dists/gradle-4.1-all/bzyivzo6n839fup2jbap0tjew/gradle-4.1/lib/gradle-messaging-4.1.jar
7f819c014000-7f819c016000 r--s 00006000 fd:00 7472167                    /home/goodhope/.gradle/wrapper/dists/gradle-4.1-all/bzyivzo6n839fup2jbap0tjew/gradle-4.1/lib/gradle-process-services-4.1.jar
7f819c016000-7f819c01b000 r--s 00041000 fd:00 7472186                    /home/goodhope/.gradle/wrapper/dists/gradle-4.1-all/bzyivzo6n839fup2jbap0tjew/gradle-4.1/lib/commons-lang-2.6.jar
7f819c01b000-7f819c01c000 ---p 00000000 00:00 0 
7f819c01c000-7f819cab5000 rw-p 00000000 00:00 0 
7f819cab5000-7f819cc85000 r--s 03c46000 fd:00 7999606                    /usr/local/android-studio/jre/jre/lib/rt.jar
7f819cc85000-7f819d7fb000 rw-p 00000000 00:00 0 
7f819d7fb000-7f819d7fc000 ---p 00000000 00:00 0 
7f819d7fc000-7f819d8fc000 rw-p 00000000 00:00 0 
7f819d8fc000-7f819d8fd000 ---p 00000000 00:00 0 
7f819d8fd000-7f819da16000 rw-p 00000000 00:00 0 
7f819da16000-7f819dbfd000 ---p 00000000 00:00 0 
7f819dbfd000-7f819dc16000 rw-p 00000000 00:00 0 
7f819dc16000-7f819ddfd000 ---p 00000000 00:00 0 
7f819ddfd000-7f819de5e000 rw-p 00000000 00:00 0 
7f819de5e000-7f819defd000 ---p 00000000 00:00 0 
7f819defd000-7f819df53000 rw-p 00000000 00:00 0 
7f819df53000-7f819e2be000 ---p 00000000 00:00 0 
7f819e2be000-7f819e2d8000 r-xp 00000000 fd:00 7999627                    /usr/local/android-studio/jre/jre/lib/amd64/libzip.so
7f819e2d8000-7f819e4d8000 ---p 0001a000 fd:00 7999627                    /usr/local/android-studio/jre/jre/lib/amd64/libzip.so
7f819e4d8000-7f819e4d9000 r--p 0001a000 fd:00 7999627                    /usr/local/android-studio/jre/jre/lib/amd64/libzip.so
7f819e4d9000-7f819e4da000 rw-p 0001b000 fd:00 7999627                    /usr/local/android-studio/jre/jre/lib/amd64/libzip.so
7f819e4da000-7f819e4e5000 r-xp 00000000 fd:00 7871031                    /lib/x86_64-linux-gnu/libnss_files-2.23.so
7f819e4e5000-7f819e6e4000 ---p 0000b000 fd:00 7871031                    /lib/x86_64-linux-gnu/libnss_files-2.23.so
7f819e6e4000-7f819e6e5000 r--p 0000a000 fd:00 7871031                    /lib/x86_64-linux-gnu/libnss_files-2.23.so
7f819e6e5000-7f819e6e6000 rw-p 0000b000 fd:00 7871031                    /lib/x86_64-linux-gnu/libnss_files-2.23.so
7f819e6e6000-7f819e6ec000 rw-p 00000000 00:00 0 
7f819e6ec000-7f819e6f7000 r-xp 00000000 fd:00 7871035                    /lib/x86_64-linux-gnu/libnss_nis-2.23.so
7f819e6f7000-7f819e8f6000 ---p 0000b000 fd:00 7871035                    /lib/x86_64-linux-gnu/libnss_nis-2.23.so
7f819e8f6000-7f819e8f7000 r--p 0000a000 fd:00 7871035                    /lib/x86_64-linux-gnu/libnss_nis-2.23.so
7f819e8f7000-7f819e8f8000 rw-p 0000b000 fd:00 7871035                    /lib/x86_64-linux-gnu/libnss_nis-2.23.so
7f819e8f8000-7f819e90e000 r-xp 00000000 fd:00 7871015                    /lib/x86_64-linux-gnu/libnsl-2.23.so
7f819e90e000-7f819eb0d000 ---p 00016000 fd:00 7871015                    /lib/x86_64-linux-gnu/libnsl-2.23.so
7f819eb0d000-7f819eb0e000 r--p 00015000 fd:00 7871015                    /lib/x86_64-linux-gnu/libnsl-2.23.so
7f819eb0e000-7f819eb0f000 rw-p 00016000 fd:00 7871015                    /lib/x86_64-linux-gnu/libnsl-2.23.so
7f819eb0f000-7f819eb11000 rw-p 00000000 00:00 0 
7f819eb11000-7f819eb19000 r-xp 00000000 fd:00 7871026                    /lib/x86_64-linux-gnu/libnss_compat-2.23.so
7f819eb19000-7f819ed18000 ---p 00008000 fd:00 7871026                    /lib/x86_64-linux-gnu/libnss_compat-2.23.so
7f819ed18000-7f819ed19000 r--p 00007000 fd:00 7871026                    /lib/x86_64-linux-gnu/libnss_compat-2.23.so
7f819ed19000-7f819ed1a000 rw-p 00008000 fd:00 7871026                    /lib/x86_64-linux-gnu/libnss_compat-2.23.so
7f819ed1a000-7f819ed47000 r-xp 00000000 fd:00 7999626                    /usr/local/android-studio/jre/jre/lib/amd64/libjava.so
7f819ed47000-7f819ef46000 ---p 0002d000 fd:00 7999626                    /usr/local/android-studio/jre/jre/lib/amd64/libjava.so
7f819ef46000-7f819ef47000 r--p 0002c000 fd:00 7999626                    /usr/local/android-studio/jre/jre/lib/amd64/libjava.so
7f819ef47000-7f819ef49000 rw-p 0002d000 fd:00 7999626                    /usr/local/android-studio/jre/jre/lib/amd64/libjava.so
7f819ef49000-7f819ef59000 r-xp 00000000 fd:00 7999632                    /usr/local/android-studio/jre/jre/lib/amd64/libverify.so
7f819ef59000-7f819f158000 ---p 00010000 fd:00 7999632                    /usr/local/android-studio/jre/jre/lib/amd64/libverify.so
7f819f158000-7f819f15a000 r--p 0000f000 fd:00 7999632                    /usr/local/android-studio/jre/jre/lib/amd64/libverify.so
7f819f15a000-7f819f15b000 rw-p 00011000 fd:00 7999632                    /usr/local/android-studio/jre/jre/lib/amd64/libverify.so
7f819f15b000-7f819f162000 r-xp 00000000 fd:00 7871036                    /lib/x86_64-linux-gnu/librt-2.23.so
7f819f162000-7f819f361000 ---p 00007000 fd:00 7871036                    /lib/x86_64-linux-gnu/librt-2.23.so
7f819f361000-7f819f362000 r--p 00006000 fd:00 7871036                    /lib/x86_64-linux-gnu/librt-2.23.so
7f819f362000-7f819f363000 rw-p 00007000 fd:00 7871036                    /lib/x86_64-linux-gnu/librt-2.23.so
7f819f363000-7f819f46b000 r-xp 00000000 fd:00 7871014                    /lib/x86_64-linux-gnu/libm-2.23.so
7f819f46b000-7f819f66a000 ---p 00108000 fd:00 7871014                    /lib/x86_64-linux-gnu/libm-2.23.so
7f819f66a000-7f819f66b000 r--p 00107000 fd:00 7871014                    /lib/x86_64-linux-gnu/libm-2.23.so
7f819f66b000-7f819f66c000 rw-p 00108000 fd:00 7871014                    /lib/x86_64-linux-gnu/libm-2.23.so
7f819f66c000-7f81a0264000 r-xp 00000000 fd:00 7999636                    /usr/local/android-studio/jre/jre/lib/amd64/server/libjvm.so
7f81a0264000-7f81a0464000 ---p 00bf8000 fd:00 7999636                    /usr/local/android-studio/jre/jre/lib/amd64/server/libjvm.so
7f81a0464000-7f81a0503000 r--p 00bf8000 fd:00 7999636                    /usr/local/android-studio/jre/jre/lib/amd64/server/libjvm.so
7f81a0503000-7f81a052c000 rw-p 00c97000 fd:00 7999636                    /usr/local/android-studio/jre/jre/lib/amd64/server/libjvm.so
7f81a052c000-7f81a0570000 rw-p 00000000 00:00 0 
7f81a0570000-7f81a0588000 r-xp 00000000 fd:00 7871017                    /lib/x86_64-linux-gnu/libpthread-2.23.so
7f81a0588000-7f81a0787000 ---p 00018000 fd:00 7871017                    /lib/x86_64-linux-gnu/libpthread-2.23.so
7f81a0787000-7f81a0788000 r--p 00017000 fd:00 7871017                    /lib/x86_64-linux-gnu/libpthread-2.23.so
7f81a0788000-7f81a0789000 rw-p 00018000 fd:00 7871017                    /lib/x86_64-linux-gnu/libpthread-2.23.so
7f81a0789000-7f81a078d000 rw-p 00000000 00:00 0 
7f81a078d000-7f81a0790000 r-xp 00000000 fd:00 7871020                    /lib/x86_64-linux-gnu/libdl-2.23.so
7f81a0790000-7f81a098f000 ---p 00003000 fd:00 7871020                    /lib/x86_64-linux-gnu/libdl-2.23.so
7f81a098f000-7f81a0990000 r--p 00002000 fd:00 7871020                    /lib/x86_64-linux-gnu/libdl-2.23.so
7f81a0990000-7f81a0991000 rw-p 00003000 fd:00 7871020                    /lib/x86_64-linux-gnu/libdl-2.23.so
7f81a0991000-7f81a0b51000 r-xp 00000000 fd:00 7871018                    /lib/x86_64-linux-gnu/libc-2.23.so
7f81a0b51000-7f81a0d51000 ---p 001c0000 fd:00 7871018                    /lib/x86_64-linux-gnu/libc-2.23.so
7f81a0d51000-7f81a0d55000 r--p 001c0000 fd:00 7871018                    /lib/x86_64-linux-gnu/libc-2.23.so
7f81a0d55000-7f81a0d57000 rw-p 001c4000 fd:00 7871018                    /lib/x86_64-linux-gnu/libc-2.23.so
7f81a0d57000-7f81a0d5b000 rw-p 00000000 00:00 0 
7f81a0d5b000-7f81a0d71000 r-xp 00000000 fd:00 7999575                    /usr/local/android-studio/jre/lib/amd64/jli/libjli.so
7f81a0d71000-7f81a0f70000 ---p 00016000 fd:00 7999575                    /usr/local/android-studio/jre/lib/amd64/jli/libjli.so
7f81a0f70000-7f81a0f71000 r--p 00015000 fd:00 7999575                    /usr/local/android-studio/jre/lib/amd64/jli/libjli.so
7f81a0f71000-7f81a0f72000 rw-p 00016000 fd:00 7999575                    /usr/local/android-studio/jre/lib/amd64/jli/libjli.so
7f81a0f72000-7f81a0f98000 r-xp 00000000 fd:00 7871016                    /lib/x86_64-linux-gnu/ld-2.23.so
7f81a0f98000-7f81a0f99000 r--s 00001000 fd:00 7472209                    /home/goodhope/.gradle/wrapper/dists/gradle-4.1-all/bzyivzo6n839fup2jbap0tjew/gradle-4.1/lib/native-platform-linux-i386-ncurses6-0.14.jar
7f81a0f99000-7f81a0f9b000 r--s 00000000 fd:00 7472165                    /home/goodhope/.gradle/wrapper/dists/gradle-4.1-all/bzyivzo6n839fup2jbap0tjew/gradle-4.1/lib/gradle-jvm-services-4.1.jar
7f81a0f9b000-7f81a0f9e000 r--s 00006000 fd:00 7472185                    /home/goodhope/.gradle/wrapper/dists/gradle-4.1-all/bzyivzo6n839fup2jbap0tjew/gradle-4.1/lib/jsr305-1.3.9.jar
7f81a0f9e000-7f81a0fa2000 r--s 00027000 fd:00 7472179                    /home/goodhope/.gradle/wrapper/dists/gradle-4.1-all/bzyivzo6n839fup2jbap0tjew/gradle-4.1/lib/commons-io-2.2.jar
7f81a0fa2000-7f81a0fae000 r--s 00053000 fd:00 7472174                    /home/goodhope/.gradle/wrapper/dists/gradle-4.1-all/bzyivzo6n839fup2jbap0tjew/gradle-4.1/lib/gradle-base-services-4.1.jar
7f81a0fae000-7f81a1070000 rw-p 00000000 00:00 0 
7f81a1070000-7f81a1073000 ---p 00000000 00:00 0 
7f81a1073000-7f81a1175000 rw-p 00000000 00:00 0 
7f81a1175000-7f81a1176000 r--s 00000000 fd:00 7472187                    /home/goodhope/.gradle/wrapper/dists/gradle-4.1-all/bzyivzo6n839fup2jbap0tjew/gradle-4.1/lib/jcip-annotations-1.0.jar
7f81a1176000-7f81a1177000 r--s 00007000 fd:00 7472183                    /home/goodhope/.gradle/wrapper/dists/gradle-4.1-all/bzyivzo6n839fup2jbap0tjew/gradle-4.1/lib/slf4j-api-1.7.10.jar
7f81a1177000-7f81a117f000 r--s 000bd000 fd:00 7472178                    /home/goodhope/.gradle/wrapper/dists/gradle-4.1-all/bzyivzo6n839fup2jbap0tjew/gradle-4.1/lib/asm-debug-all-6.0_ALPHA.jar
7f81a117f000-7f81a1180000 r--s 00004000 fd:00 7472195                    /home/goodhope/.gradle/wrapper/dists/gradle-4.1-all/bzyivzo6n839fup2jbap0tjew/gradle-4.1/lib/ant-launcher-1.9.6.jar
7f81a1180000-7f81a118c000 r--s 0005c000 fd:00 7472159                    /home/goodhope/.gradle/wrapper/dists/gradle-4.1-all/bzyivzo6n839fup2jbap0tjew/gradle-4.1/lib/gradle-launcher-4.1.jar
7f81a118c000-7f81a1194000 rw-s 00000000 fd:00 131609                     /tmp/hsperfdata_goodhope/8382
7f81a1194000-7f81a1195000 rw-p 00000000 00:00 0 
7f81a1195000-7f81a1196000 ---p 00000000 00:00 0 
7f81a1196000-7f81a1197000 rw-p 00000000 00:00 0 
7f81a1197000-7f81a1198000 r--p 00025000 fd:00 7871016                    /lib/x86_64-linux-gnu/ld-2.23.so
7f81a1198000-7f81a1199000 rw-p 00026000 fd:00 7871016                    /lib/x86_64-linux-gnu/ld-2.23.so
7f81a1199000-7f81a119a000 rw-p 00000000 00:00 0 
7ffebf083000-7ffebf0a4000 rw-p 00000000 00:00 0                          [stack]
7ffebf0f1000-7ffebf0f3000 r--p 00000000 00:00 0                          [vvar]
7ffebf0f3000-7ffebf0f5000 r-xp 00000000 00:00 0                          [vdso]
ffffffffff600000-ffffffffff601000 r-xp 00000000 00:00 0                  [vsyscall]

VM Arguments:
jvm_args: -Xmx1536m -Dfile.encoding=UTF-8 -Duser.country=NG -Duser.language=en -Duser.variant 
java_command: org.gradle.launcher.daemon.bootstrap.GradleDaemon 4.1
java_class_path (initial): /home/goodhope/.gradle/wrapper/dists/gradle-4.1-all/bzyivzo6n839fup2jbap0tjew/gradle-4.1/lib/gradle-launcher-4.1.jar
Launcher Type: SUN_STANDARD

Environment Variables:
JAVA_HOME=/usr/lib/jvm/java-8-oracle
PATH=/home/goodhope/bin:/home/goodhope/.local/bin:/usr/local/sbin:/usr/local/bin:/usr/sbin:/usr/bin:/sbin:/bin:/usr/games:/usr/local/games:/snap/bin:/usr/lib/jvm/java-8-oracle/bin:/usr/lib/jvm/java-8-oracle/db/bin:/usr/lib/jvm/java-8-oracle/jre/bin
LD_LIBRARY_PATH=/usr/local/android-studio/bin:
SHELL=/bin/bash
DISPLAY=:1

Signal Handlers:
SIGSEGV: [libjvm.so+0x9ebc60], sa_mask[0]=11111111011111111101111111111110, sa_flags=SA_RESTART|SA_SIGINFO
SIGBUS: [libjvm.so+0x9ebc60], sa_mask[0]=11111111011111111101111111111110, sa_flags=SA_RESTART|SA_SIGINFO
SIGFPE: [libjvm.so+0x84cf60], sa_mask[0]=11111111011111111101111111111110, sa_flags=SA_RESTART|SA_SIGINFO
SIGPIPE: [libjvm.so+0x84cf60], sa_mask[0]=11111111011111111101111111111110, sa_flags=SA_RESTART|SA_SIGINFO
SIGXFSZ: [libjvm.so+0x84cf60], sa_mask[0]=11111111011111111101111111111110, sa_flags=SA_RESTART|SA_SIGINFO
SIGILL: [libjvm.so+0x84cf60], sa_mask[0]=11111111011111111101111111111110, sa_flags=SA_RESTART|SA_SIGINFO
SIGUSR1: SIG_DFL, sa_mask[0]=00000000000000000000000000000000, sa_flags=none
SIGUSR2: [libjvm.so+0x84ce30], sa_mask[0]=00100000000000000000000000000000, sa_flags=SA_RESTART|SA_SIGINFO
SIGHUP: [libjvm.so+0x84d020], sa_mask[0]=11111111011111111101111111111110, sa_flags=SA_RESTART|SA_SIGINFO
SIGINT: [libjvm.so+0x84d020], sa_mask[0]=11111111011111111101111111111110, sa_flags=SA_RESTART|SA_SIGINFO
SIGTERM: [libjvm.so+0x84d020], sa_mask[0]=11111111011111111101111111111110, sa_flags=SA_RESTART|SA_SIGINFO
SIGQUIT: [libjvm.so+0x84d020], sa_mask[0]=11111111011111111101111111111110, sa_flags=SA_RESTART|SA_SIGINFO


---------------  S Y S T E M  ---------------

OS:DISTRIB_ID=LinuxMint
DISTRIB_RELEASE=18.3
DISTRIB_CODENAME=sylvia
DISTRIB_DESCRIPTION="Linux Mint 18.3 Sylvia"

uname:Linux 4.10.0-38-generic #42~16.04.1-Ubuntu SMP Tue Oct 10 16:32:20 UTC 2017 x86_64
libc:glibc 2.23 NPTL 2.23 
rlimit: STACK 8192k, CORE 0k, NPROC 15168, NOFILE 1048576, AS infinity
load average:1.25 0.52 0.37

/proc/meminfo:
MemTotal:        3930408 kB
MemFree:          439676 kB
MemAvailable:     961880 kB
Buffers:          112424 kB
Cached:           821040 kB
SwapCached:       108484 kB
Active:          2715684 kB
Inactive:         578056 kB
Active(anon):    2302252 kB
Inactive(anon):   290568 kB
Active(file):     413432 kB
Inactive(file):   287488 kB
Unevictable:         120 kB
Mlocked:             120 kB
SwapTotal:       4075516 kB
SwapFree:        3377612 kB
Dirty:              8988 kB
Writeback:             0 kB
AnonPages:       2342440 kB
Mapped:           146712 kB
Shmem:            232420 kB
Slab:              94232 kB
SReclaimable:      47468 kB
SUnreclaim:        46764 kB
KernelStack:       11904 kB
PageTables:        54932 kB
NFS_Unstable:          0 kB
Bounce:                0 kB
WritebackTmp:          0 kB
CommitLimit:     6040720 kB
Committed_AS:    7140848 kB
VmallocTotal:   34359738367 kB
VmallocUsed:           0 kB
VmallocChunk:          0 kB
HardwareCorrupted:     0 kB
AnonHugePages:   1460224 kB
ShmemHugePages:        0 kB
ShmemPmdMapped:        0 kB
CmaTotal:              0 kB
CmaFree:               0 kB
HugePages_Total:       0
HugePages_Free:        0
HugePages_Rsvd:        0
HugePages_Surp:        0
Hugepagesize:       2048 kB
DirectMap4k:      186676 kB
DirectMap2M:     3893248 kB


CPU:total 2 (initial active 2) (2 cores per cpu, 1 threads per core) family 6 model 23 stepping 10, cmov, cx8, fxsr, mmx, sse, sse2, sse3, ssse3, sse4.1, tsc

/proc/cpuinfo:
processor	: 0
vendor_id	: GenuineIntel
cpu family	: 6
model		: 23
model name	: Intel(R) Core(TM)2 Duo CPU     P9400  @ 2.40GHz
stepping	: 10
microcode	: 0xa0c
cpu MHz		: 2401.000
cache size	: 6144 KB
physical id	: 0
siblings	: 2
core id		: 0
cpu cores	: 2
apicid		: 0
initial apicid	: 0
fpu		: yes
fpu_exception	: yes
cpuid level	: 13
wp		: yes
flags		: fpu vme de pse tsc msr pae mce cx8 apic sep mtrr pge mca cmov pat pse36 clflush dts acpi mmx fxsr sse sse2 ss ht tm pbe syscall nx lm constant_tsc arch_perfmon pebs bts rep_good nopl aperfmperf pni dtes64 monitor ds_cpl vmx smx est tm2 ssse3 cx16 xtpr pdcm sse4_1 xsave lahf_lm tpr_shadow vnmi flexpriority dtherm ida
bugs		:
bogomips	: 4788.58
clflush size	: 64
cache_alignment	: 64
address sizes	: 36 bits physical, 48 bits virtual
power management:

processor	: 1
vendor_id	: GenuineIntel
cpu family	: 6
model		: 23
model name	: Intel(R) Core(TM)2 Duo CPU     P9400  @ 2.40GHz
stepping	: 10
microcode	: 0xa0c
cpu MHz		: 2401.000
cache size	: 6144 KB
physical id	: 0
siblings	: 2
core id		: 1
cpu cores	: 2
apicid		: 1
initial apicid	: 1
fpu		: yes
fpu_exception	: yes
cpuid level	: 13
wp		: yes
flags		: fpu vme de pse tsc msr pae mce cx8 apic sep mtrr pge mca cmov pat pse36 clflush dts acpi mmx fxsr sse sse2 ss ht tm pbe syscall nx lm constant_tsc arch_perfmon pebs bts rep_good nopl aperfmperf pni dtes64 monitor ds_cpl vmx smx est tm2 ssse3 cx16 xtpr pdcm sse4_1 xsave lahf_lm tpr_shadow vnmi flexpriority dtherm ida
bugs		:
bogomips	: 4788.58
clflush size	: 64
cache_alignment	: 64
address sizes	: 36 bits physical, 48 bits virtual
power management:



Memory: 4k page, physical 3930408k(439676k free), swap 4075516k(3377612k free)

vm_info: OpenJDK 64-Bit Server VM (25.152-b01) for linux-amd64 JRE (1.8.0_152-release-915-b01), built by "builder" with gcc 4.8.4

time: Wed Jan 16 22:07:56 2019
elapsed time: 33 seconds (0d 0h 0m 33s)

